[3.914s] Invoking command in '/home/cat/agv_ws/build/fusion': PYTHONPATH=/home/cat/agv_ws/build/fusion/prefix_override:/home/cat/agv_ws/install/fusion/lib/python3.10/site-packages:${PYTHONPATH} /usr/bin/python3 setup.py develop --editable --build-directory /home/cat/agv_ws/build/fusion/build --no-deps install_data
[4.368s] running develop
[4.639s] running egg_info
[4.640s] writing fusion.egg-info/PKG-INFO
[4.641s] writing dependency_links to fusion.egg-info/dependency_links.txt
[4.643s] writing entry points to fusion.egg-info/entry_points.txt
[4.643s] writing requirements to fusion.egg-info/requires.txt
[4.644s] writing top-level names to fusion.egg-info/top_level.txt
[4.649s] reading manifest file 'fusion.egg-info/SOURCES.txt'
[4.651s] writing manifest file 'fusion.egg-info/SOURCES.txt'
[4.662s] running build_ext
[4.665s] Creating /home/cat/agv_ws/install/fusion/lib/python3.10/site-packages/fusion.egg-link (link to .)
[4.667s] Installing Error_node script to /home/cat/agv_ws/install/fusion/lib/fusion
[4.674s] Installing UWB_distance script to /home/cat/agv_ws/install/fusion/lib/fusion
[4.674s] Installing fusion_Path script to /home/cat/agv_ws/install/fusion/lib/fusion
[4.674s] Installing fusion_location script to /home/cat/agv_ws/install/fusion/lib/fusion
[4.674s] Installing mocap_Path script to /home/cat/agv_ws/install/fusion/lib/fusion
[4.674s] Installing uwb_Path script to /home/cat/agv_ws/install/fusion/lib/fusion
[4.674s] 
[4.674s] Installed /home/cat/agv_ws/build/fusion
[4.674s] running install_data
[4.793s] Invoked command in '/home/cat/agv_ws/build/fusion' returned '0': PYTHONPATH=/home/cat/agv_ws/build/fusion/prefix_override:/home/cat/agv_ws/install/fusion/lib/python3.10/site-packages:${PYTHONPATH} /usr/bin/python3 setup.py develop --editable --build-directory /home/cat/agv_ws/build/fusion/build --no-deps install_data
