-- The C compiler identification is GNU 11.4.0
-- The CXX compiler identification is GNU 11.4.0
-- Detecting C compiler ABI info
-- Detecting C compiler ABI info - done
-- Check for working C compiler: /usr/bin/cc - skipped
-- Detecting C compile features
-- Detecting C compile features - done
-- Detecting CXX compiler ABI info
-- Detecting CXX compiler ABI info - done
-- Check for working CXX compiler: /usr/bin/c++ - skipped
-- Detecting CXX compile features
-- Detecting CXX compile features - done
-- Found ament_cmake: 1.3.5 (/opt/ros/humble/share/ament_cmake/cmake)
-- Found Python3: /usr/bin/python3.10 (found version "3.10.12") found components: Interpreter 
-- Found rclcpp: 16.0.6 (/opt/ros/humble/share/rclcpp/cmake)
-- Found rosidl_generator_c: 3.1.5 (/opt/ros/humble/share/rosidl_generator_c/cmake)
-- Found rosidl_adapter: 3.1.5 (/opt/ros/humble/share/rosidl_adapter/cmake)
-- Found rosidl_generator_cpp: 3.1.5 (/opt/ros/humble/share/rosidl_generator_cpp/cmake)
-- Using all available rosidl_typesupport_c: rosidl_typesupport_fastrtps_c;rosidl_typesupport_introspection_c
-- Using all available rosidl_typesupport_cpp: rosidl_typesupport_fastrtps_cpp;rosidl_typesupport_introspection_cpp
-- Found rmw_implementation_cmake: 6.1.1 (/opt/ros/humble/share/rmw_implementation_cmake/cmake)
-- Found rmw_fastrtps_cpp: 6.2.4 (/opt/ros/humble/share/rmw_fastrtps_cpp/cmake)
-- Found OpenSSL: /usr/lib/aarch64-linux-gnu/libcrypto.so (found version "3.0.2")  
-- Found FastRTPS: /opt/ros/humble/include  
-- Using RMW implementation 'rmw_fastrtps_cpp' as default
-- Looking for pthread.h
-- Looking for pthread.h - found
-- Performing Test CMAKE_HAVE_LIBC_PTHREAD
-- Performing Test CMAKE_HAVE_LIBC_PTHREAD - Success
-- Found Threads: TRUE  
-- Found geometry_msgs: 4.2.3 (/opt/ros/humble/share/geometry_msgs/cmake)
-- Found sensor_msgs: 4.2.3 (/opt/ros/humble/share/sensor_msgs/cmake)
-- Found tf2: 0.25.4 (/opt/ros/humble/share/tf2/cmake)
-- Found tf2_ros: 0.25.4 (/opt/ros/humble/share/tf2_ros/cmake)
-- Found nav_msgs: 4.2.3 (/opt/ros/humble/share/nav_msgs/cmake)
-- Found tf2_geometry_msgs: 0.25.4 (/opt/ros/humble/share/tf2_geometry_msgs/cmake)
-- Found eigen3_cmake_module: 0.1.1 (/opt/ros/humble/share/eigen3_cmake_module/cmake)
-- Found Eigen3: TRUE (found version "3.4.0") 
-- Ensuring Eigen3 include directory is part of orocos-kdl CMake target
-- Found msg_interfaces: 0.0.0 (/opt/ros/humble/share/msg_interfaces/cmake)
-- Found ament_lint_auto: 0.12.8 (/opt/ros/humble/share/ament_lint_auto/cmake)
-- Configuring done
-- Generating done
-- Build files have been written to: /home/cat/agv_ws/build/magnetic
[ 50%] [32mBuilding CXX object CMakeFiles/magnetic.dir/src/magnetic.cpp.o[0m
[100%] [32m[1mLinking CXX executable magnetic[0m
[100%] Built target magnetic
-- Install configuration: ""
-- Installing: /home/cat/agv_ws/install/magnetic/lib/magnetic/magnetic
-- Set runtime path of "/home/cat/agv_ws/install/magnetic/lib/magnetic/magnetic" to ""
-- Installing: /home/cat/agv_ws/install/magnetic/share/ament_index/resource_index/package_run_dependencies/magnetic
-- Installing: /home/cat/agv_ws/install/magnetic/share/ament_index/resource_index/parent_prefix_path/magnetic
-- Installing: /home/cat/agv_ws/install/magnetic/share/magnetic/environment/ament_prefix_path.sh
-- Installing: /home/cat/agv_ws/install/magnetic/share/magnetic/environment/ament_prefix_path.dsv
-- Installing: /home/cat/agv_ws/install/magnetic/share/magnetic/environment/path.sh
-- Installing: /home/cat/agv_ws/install/magnetic/share/magnetic/environment/path.dsv
-- Installing: /home/cat/agv_ws/install/magnetic/share/magnetic/local_setup.bash
-- Installing: /home/cat/agv_ws/install/magnetic/share/magnetic/local_setup.sh
-- Installing: /home/cat/agv_ws/install/magnetic/share/magnetic/local_setup.zsh
-- Installing: /home/cat/agv_ws/install/magnetic/share/magnetic/local_setup.dsv
-- Installing: /home/cat/agv_ws/install/magnetic/share/magnetic/package.dsv
-- Installing: /home/cat/agv_ws/install/magnetic/share/ament_index/resource_index/packages/magnetic
-- Installing: /home/cat/agv_ws/install/magnetic/share/magnetic/cmake/magneticConfig.cmake
-- Installing: /home/cat/agv_ws/install/magnetic/share/magnetic/cmake/magneticConfig-version.cmake
-- Installing: /home/cat/agv_ws/install/magnetic/share/magnetic/package.xml
