-- Found ament_cmake: 1.3.5 (/opt/ros/humble/share/ament_cmake/cmake)
-- Override CMake install command with custom implementation using symlinks instead of copying resources
-- Found rclcpp: 16.0.6 (/opt/ros/humble/share/rclcpp/cmake)
-- Found rosidl_generator_c: 3.1.5 (/opt/ros/humble/share/rosidl_generator_c/cmake)
-- Found rosidl_adapter: 3.1.5 (/opt/ros/humble/share/rosidl_adapter/cmake)
-- Found rosidl_generator_cpp: 3.1.5 (/opt/ros/humble/share/rosidl_generator_cpp/cmake)
-- Using all available rosidl_typesupport_c: rosidl_typesupport_fastrtps_c;rosidl_typesupport_introspection_c
-- Using all available rosidl_typesupport_cpp: rosidl_typesupport_fastrtps_cpp;rosidl_typesupport_introspection_cpp
-- Found rmw_implementation_cmake: 6.1.1 (/opt/ros/humble/share/rmw_implementation_cmake/cmake)
-- Found rmw_fastrtps_cpp: 6.2.4 (/opt/ros/humble/share/rmw_fastrtps_cpp/cmake)
-- Using RMW implementation 'rmw_fastrtps_cpp' as default
-- Found geometry_msgs: 4.2.3 (/opt/ros/humble/share/geometry_msgs/cmake)
-- Found sensor_msgs: 4.2.3 (/opt/ros/humble/share/sensor_msgs/cmake)
-- Found tf2: 0.25.4 (/opt/ros/humble/share/tf2/cmake)
-- Found tf2_ros: 0.25.4 (/opt/ros/humble/share/tf2_ros/cmake)
-- Found nav_msgs: 4.2.3 (/opt/ros/humble/share/nav_msgs/cmake)
-- Found tf2_geometry_msgs: 0.25.4 (/opt/ros/humble/share/tf2_geometry_msgs/cmake)
-- Found eigen3_cmake_module: 0.1.1 (/opt/ros/humble/share/eigen3_cmake_module/cmake)
-- Ensuring Eigen3 include directory is part of orocos-kdl CMake target
-- Configuring for arm64
-- Found ament_lint_auto: 0.12.8 (/opt/ros/humble/share/ament_lint_auto/cmake)
-- Added test 'cppcheck' to perform static code analysis on C / C++ code
-- Configured cppcheck include dirs: /home/cat/agv_ws/src/ums_fiction_driver/include;/home/cat/agv_ws/src/ums_fiction_driver/include/log4cpp;/home/cat/agv_ws/src/ums_fiction_driver/src/serial;$<BUILD_INTERFACE:/home/cat/agv_ws/src/ums_fiction_driver/include>
-- Configured cppcheck exclude dirs and/or files: 
-- Added test 'flake8' to check Python code syntax and style conventions
-- Added test 'lint_cmake' to check CMake code style
-- Added test 'pep257' to check Python code against some of the docstring style conventions in PEP 257
-- Added test 'uncrustify' to check C / C++ code style
-- Configured uncrustify additional arguments: 
-- Added test 'xmllint' to check XML markup files
-- Configuring done
-- Generating done
-- Build files have been written to: /home/cat/agv_ws/build/ums_fiction_driver
[35m[1mConsolidate compiler generated dependencies of target ums_fiction_driver_node[0m
[ 50%] [32mBuilding CXX object CMakeFiles/ums_fiction_driver_node.dir/src/ums_fiction_driver_node.cpp.o[0m
[100%] [32m[1mLinking CXX executable ums_fiction_driver_node[0m
[100%] Built target ums_fiction_driver_node
-- Install configuration: ""
-- Execute custom install script
-- Up-to-date symlink: /home/cat/agv_ws/install/ums_fiction_driver/lib/ums_fiction_driver/ums_fiction_driver_node
-- Up-to-date symlink: /home/cat/agv_ws/install/ums_fiction_driver/lib/libums_sdk.so
-- Up-to-date symlink: /home/cat/agv_ws/install/ums_fiction_driver/lib/libserial.so
-- Up-to-date symlink: /home/cat/agv_ws/install/ums_fiction_driver/lib/liblog4.so
-- Up-to-date symlink: /home/cat/agv_ws/install/ums_fiction_driver/share/ums_fiction_driver/launch/ums_fiction_mini.launch.py
-- Up-to-date symlink: /home/cat/agv_ws/install/ums_fiction_driver/share/ums_fiction_driver/launch/ums_fiction_v1.launch.py
-- Up-to-date symlink: /home/cat/agv_ws/install/ums_fiction_driver/share/ums_fiction_driver/param/fiction.yaml
-- Up-to-date symlink: /home/cat/agv_ws/install/ums_fiction_driver/share/ums_fiction_driver/param/mini.yaml
-- Up-to-date symlink: /home/cat/agv_ws/install/ums_fiction_driver/share/ums_fiction_driver/script/create_udev.sh
-- Up-to-date symlink: /home/cat/agv_ws/install/ums_fiction_driver/share/ums_fiction_driver/script/ums.rules
-- Up-to-date symlink: /home/cat/agv_ws/install/ums_fiction_driver/share/ament_index/resource_index/package_run_dependencies/ums_fiction_driver
-- Up-to-date symlink: /home/cat/agv_ws/install/ums_fiction_driver/share/ament_index/resource_index/parent_prefix_path/ums_fiction_driver
-- Up-to-date symlink: /home/cat/agv_ws/install/ums_fiction_driver/share/ums_fiction_driver/environment/ament_prefix_path.sh
-- Up-to-date symlink: /home/cat/agv_ws/install/ums_fiction_driver/share/ums_fiction_driver/environment/ament_prefix_path.dsv
-- Up-to-date symlink: /home/cat/agv_ws/install/ums_fiction_driver/share/ums_fiction_driver/environment/path.sh
-- Up-to-date symlink: /home/cat/agv_ws/install/ums_fiction_driver/share/ums_fiction_driver/environment/path.dsv
-- Up-to-date symlink: /home/cat/agv_ws/install/ums_fiction_driver/share/ums_fiction_driver/local_setup.bash
-- Up-to-date symlink: /home/cat/agv_ws/install/ums_fiction_driver/share/ums_fiction_driver/local_setup.sh
-- Up-to-date symlink: /home/cat/agv_ws/install/ums_fiction_driver/share/ums_fiction_driver/local_setup.zsh
-- Up-to-date symlink: /home/cat/agv_ws/install/ums_fiction_driver/share/ums_fiction_driver/local_setup.dsv
-- Symlinking: /home/cat/agv_ws/install/ums_fiction_driver/share/ums_fiction_driver/package.dsv
-- Up-to-date symlink: /home/cat/agv_ws/install/ums_fiction_driver/share/ament_index/resource_index/packages/ums_fiction_driver
-- Up-to-date symlink: /home/cat/agv_ws/install/ums_fiction_driver/share/ums_fiction_driver/cmake/ums_fiction_driverConfig.cmake
-- Up-to-date symlink: /home/cat/agv_ws/install/ums_fiction_driver/share/ums_fiction_driver/cmake/ums_fiction_driverConfig-version.cmake
-- Up-to-date symlink: /home/cat/agv_ws/install/ums_fiction_driver/share/ums_fiction_driver/package.xml
