[2.189s] Invoking command in '/home/cat/agv_ws/build/vrpn_client_ros': CMAKE_PREFIX_PATH=${CMAKE_PREFIX_PATH}:/home/cat/agv_ws/install/path_track:/home/cat/agv_ws/install/path_plan:/home/cat/agv_ws/install/fusion:/home/cat/mapping_location/install/mt_slam:/opt/ros/humble /usr/bin/cmake /home/cat/agv_ws/src/vrpn_client_ros -DAMENT_CMAKE_SYMLINK_INSTALL=1 -DCMAKE_INSTALL_PREFIX=/home/cat/agv_ws/install/vrpn_client_ros
[2.225s] -- Found ament_cmake: 1.3.5 (/opt/ros/humble/share/ament_cmake/cmake)
[2.817s] -- Override CMake install command with custom implementation using symlinks instead of copying resources
[2.855s] -- Found rclcpp: 16.0.6 (/opt/ros/humble/share/rclcpp/cmake)
[2.918s] -- Found rosidl_generator_c: 3.1.5 (/opt/ros/humble/share/rosidl_generator_c/cmake)
[2.922s] -- Found rosidl_adapter: 3.1.5 (/opt/ros/humble/share/rosidl_adapter/cmake)
[2.931s] -- Found rosidl_generator_cpp: 3.1.5 (/opt/ros/humble/share/rosidl_generator_cpp/cmake)
[2.948s] -- Using all available rosidl_typesupport_c: rosidl_typesupport_fastrtps_c;rosidl_typesupport_introspection_c
[2.974s] -- Using all available rosidl_typesupport_cpp: rosidl_typesupport_fastrtps_cpp;rosidl_typesupport_introspection_cpp
[3.066s] -- Found rmw_implementation_cmake: 6.1.1 (/opt/ros/humble/share/rmw_implementation_cmake/cmake)
[3.069s] -- Found rmw_fastrtps_cpp: 6.2.4 (/opt/ros/humble/share/rmw_fastrtps_cpp/cmake)
[3.387s] -- Using RMW implementation 'rmw_fastrtps_cpp' as default
[4.086s] -- Found geometry_msgs: 4.2.3 (/opt/ros/humble/share/geometry_msgs/cmake)
[4.153s] -- Found tf2: 0.25.4 (/opt/ros/humble/share/tf2/cmake)
[4.165s] -- Found tf2_ros: 0.25.4 (/opt/ros/humble/share/tf2_ros/cmake)
[4.659s] -- Found tf2_kdl: 0.25.4 (/opt/ros/humble/share/tf2_kdl/cmake)
[4.672s] -- Found eigen3_cmake_module: 0.1.1 (/opt/ros/humble/share/eigen3_cmake_module/cmake)
[4.673s] -- Ensuring Eigen3 include directory is part of orocos-kdl CMake target
[4.691s] -- Found tf2_geometry_msgs: 0.25.4 (/opt/ros/humble/share/tf2_geometry_msgs/cmake)
[4.711s] -- Found ament_lint_auto: 0.12.8 (/opt/ros/humble/share/ament_lint_auto/cmake)
[4.866s] -- Added test 'copyright' to check source files copyright and LICENSE
[4.870s] -- Added test 'cppcheck' to perform static code analysis on C / C++ code
[4.871s] -- Configured cppcheck include dirs: /home/cat/agv_ws/src/vrpn_client_ros/include
[4.871s] -- Configured cppcheck exclude dirs and/or files: 
[4.875s] -- Added test 'cpplint' to check C / C++ code against the Google style
[4.875s] -- Configured cpplint exclude dirs and/or files: 
[4.875s] -- Added test 'flake8' to check Python code syntax and style conventions
[4.876s] -- Added test 'lint_cmake' to check CMake code style
[4.877s] -- Added test 'pep257' to check Python code against some of the docstring style conventions in PEP 257
[4.881s] -- Added test 'uncrustify' to check C / C++ code style
[4.882s] -- Configured uncrustify additional arguments: 
[4.882s] -- Added test 'xmllint' to check XML markup files
[4.884s] -- Configuring done
[4.915s] -- Generating done
[4.918s] -- Build files have been written to: /home/cat/agv_ws/build/vrpn_client_ros
[4.941s] Invoked command in '/home/cat/agv_ws/build/vrpn_client_ros' returned '0': CMAKE_PREFIX_PATH=${CMAKE_PREFIX_PATH}:/home/cat/agv_ws/install/path_track:/home/cat/agv_ws/install/path_plan:/home/cat/agv_ws/install/fusion:/home/cat/mapping_location/install/mt_slam:/opt/ros/humble /usr/bin/cmake /home/cat/agv_ws/src/vrpn_client_ros -DAMENT_CMAKE_SYMLINK_INSTALL=1 -DCMAKE_INSTALL_PREFIX=/home/cat/agv_ws/install/vrpn_client_ros
[4.947s] Invoking command in '/home/cat/agv_ws/build/vrpn_client_ros': CMAKE_PREFIX_PATH=${CMAKE_PREFIX_PATH}:/home/cat/agv_ws/install/path_track:/home/cat/agv_ws/install/path_plan:/home/cat/agv_ws/install/fusion:/home/cat/mapping_location/install/mt_slam:/opt/ros/humble /usr/bin/cmake --build /home/cat/agv_ws/build/vrpn_client_ros -- -j8 -l8
[5.071s] [35m[1mConsolidate compiler generated dependencies of target vrpn_client_ros[0m
[5.120s] [ 33%] Built target vrpn_client_ros
[5.163s] [35m[1mConsolidate compiler generated dependencies of target vrpn_client_node[0m
[5.164s] [35m[1mConsolidate compiler generated dependencies of target vrpn_tracker_node[0m
[5.228s] [ 50%] [32m[1mLinking CXX executable vrpn_tracker_node[0m
[5.239s] [ 66%] [32m[1mLinking CXX executable vrpn_client_node[0m
[6.083s] [ 83%] Built target vrpn_client_node
[6.085s] [100%] Built target vrpn_tracker_node
[6.119s] Invoked command in '/home/cat/agv_ws/build/vrpn_client_ros' returned '0': CMAKE_PREFIX_PATH=${CMAKE_PREFIX_PATH}:/home/cat/agv_ws/install/path_track:/home/cat/agv_ws/install/path_plan:/home/cat/agv_ws/install/fusion:/home/cat/mapping_location/install/mt_slam:/opt/ros/humble /usr/bin/cmake --build /home/cat/agv_ws/build/vrpn_client_ros -- -j8 -l8
[6.215s] Invoking command in '/home/cat/agv_ws/build/vrpn_client_ros': CMAKE_PREFIX_PATH=${CMAKE_PREFIX_PATH}:/home/cat/agv_ws/install/path_track:/home/cat/agv_ws/install/path_plan:/home/cat/agv_ws/install/fusion:/home/cat/mapping_location/install/mt_slam:/opt/ros/humble /usr/bin/cmake --install /home/cat/agv_ws/build/vrpn_client_ros
[6.243s] -- Install configuration: ""
[6.244s] -- Execute custom install script
[6.244s] -- Symlinking: /home/cat/agv_ws/install/vrpn_client_ros/share/vrpn_client_ros//launch/sample.launch.py
[6.277s] -- Symlinking: /home/cat/agv_ws/install/vrpn_client_ros/share/vrpn_client_ros//config/sample.params.yaml
[6.304s] -- Symlinking: /home/cat/agv_ws/install/vrpn_client_ros/lib/libvrpn_client_ros.a
[6.338s] -- Symlinking: /home/cat/agv_ws/install/vrpn_client_ros/lib/vrpn_client_ros/vrpn_tracker_node
[6.366s] -- Symlinking: /home/cat/agv_ws/install/vrpn_client_ros/lib/vrpn_client_ros/vrpn_client_node
[6.396s] -- Symlinking: /home/cat/agv_ws/install/vrpn_client_ros/share/ament_index/resource_index/package_run_dependencies/vrpn_client_ros
[6.410s] -- Symlinking: /home/cat/agv_ws/install/vrpn_client_ros/share/ament_index/resource_index/parent_prefix_path/vrpn_client_ros
[6.425s] -- Symlinking: /home/cat/agv_ws/install/vrpn_client_ros/share/vrpn_client_ros/environment/ament_prefix_path.sh
[6.439s] -- Symlinking: /home/cat/agv_ws/install/vrpn_client_ros/share/vrpn_client_ros/environment/ament_prefix_path.dsv
[6.452s] -- Symlinking: /home/cat/agv_ws/install/vrpn_client_ros/share/vrpn_client_ros/environment/path.sh
[6.466s] -- Symlinking: /home/cat/agv_ws/install/vrpn_client_ros/share/vrpn_client_ros/environment/path.dsv
[6.499s] -- Symlinking: /home/cat/agv_ws/install/vrpn_client_ros/share/vrpn_client_ros/local_setup.bash
[6.529s] -- Symlinking: /home/cat/agv_ws/install/vrpn_client_ros/share/vrpn_client_ros/local_setup.sh
[6.542s] -- Symlinking: /home/cat/agv_ws/install/vrpn_client_ros/share/vrpn_client_ros/local_setup.zsh
[6.555s] -- Symlinking: /home/cat/agv_ws/install/vrpn_client_ros/share/vrpn_client_ros/local_setup.dsv
[6.587s] -- Symlinking: /home/cat/agv_ws/install/vrpn_client_ros/share/vrpn_client_ros/package.dsv
[6.614s] -- Symlinking: /home/cat/agv_ws/install/vrpn_client_ros/share/ament_index/resource_index/packages/vrpn_client_ros
[6.651s] -- Symlinking: /home/cat/agv_ws/install/vrpn_client_ros/share/vrpn_client_ros/cmake/vrpn_client_rosConfig.cmake
[6.686s] -- Symlinking: /home/cat/agv_ws/install/vrpn_client_ros/share/vrpn_client_ros/cmake/vrpn_client_rosConfig-version.cmake
[6.718s] -- Symlinking: /home/cat/agv_ws/install/vrpn_client_ros/share/vrpn_client_ros/package.xml
[6.736s] Invoked command in '/home/cat/agv_ws/build/vrpn_client_ros' returned '0': CMAKE_PREFIX_PATH=${CMAKE_PREFIX_PATH}:/home/cat/agv_ws/install/path_track:/home/cat/agv_ws/install/path_plan:/home/cat/agv_ws/install/fusion:/home/cat/mapping_location/install/mt_slam:/opt/ros/humble /usr/bin/cmake --install /home/cat/agv_ws/build/vrpn_client_ros
