-- Found ament_cmake: 1.3.5 (/opt/ros/humble/share/ament_cmake/cmake)
-- Override CMake install command with custom implementation using symlinks instead of copying resources
-- Found rclcpp: 16.0.6 (/opt/ros/humble/share/rclcpp/cmake)
-- Found rosidl_generator_c: 3.1.5 (/opt/ros/humble/share/rosidl_generator_c/cmake)
-- Found rosidl_adapter: 3.1.5 (/opt/ros/humble/share/rosidl_adapter/cmake)
-- Found rosidl_generator_cpp: 3.1.5 (/opt/ros/humble/share/rosidl_generator_cpp/cmake)
-- Using all available rosidl_typesupport_c: rosidl_typesupport_fastrtps_c;rosidl_typesupport_introspection_c
-- Using all available rosidl_typesupport_cpp: rosidl_typesupport_fastrtps_cpp;rosidl_typesupport_introspection_cpp
-- Found rmw_implementation_cmake: 6.1.1 (/opt/ros/humble/share/rmw_implementation_cmake/cmake)
-- Found rmw_fastrtps_cpp: 6.2.4 (/opt/ros/humble/share/rmw_fastrtps_cpp/cmake)
-- Using RMW implementation 'rmw_fastrtps_cpp' as default
-- Found geometry_msgs: 4.2.3 (/opt/ros/humble/share/geometry_msgs/cmake)
-- Found sensor_msgs: 4.2.3 (/opt/ros/humble/share/sensor_msgs/cmake)
-- Found tf2: 0.25.4 (/opt/ros/humble/share/tf2/cmake)
-- Found tf2_ros: 0.25.4 (/opt/ros/humble/share/tf2_ros/cmake)
-- Found nav_msgs: 4.2.3 (/opt/ros/humble/share/nav_msgs/cmake)
-- Found tf2_geometry_msgs: 0.25.4 (/opt/ros/humble/share/tf2_geometry_msgs/cmake)
-- Found eigen3_cmake_module: 0.1.1 (/opt/ros/humble/share/eigen3_cmake_module/cmake)
-- Ensuring Eigen3 include directory is part of orocos-kdl CMake target
-- Found msg_interfaces: 0.0.0 (/opt/ros/humble/share/msg_interfaces/cmake)
-- Found ament_lint_auto: 0.12.8 (/opt/ros/humble/share/ament_lint_auto/cmake)
-- Configuring done
-- Generating done
-- Build files have been written to: /home/cat/agv_ws/build/magnetic
[35m[1mConsolidate compiler generated dependencies of target magnetic[0m
[ 50%] [32m[1mLinking CXX executable magnetic[0m
[100%] Built target magnetic
-- Install configuration: ""
-- Execute custom install script
-- Symlinking: /home/cat/agv_ws/install/magnetic/lib/magnetic/magnetic
-- Symlinking: /home/cat/agv_ws/install/magnetic/share/ament_index/resource_index/package_run_dependencies/magnetic
-- Symlinking: /home/cat/agv_ws/install/magnetic/share/ament_index/resource_index/parent_prefix_path/magnetic
-- Symlinking: /home/cat/agv_ws/install/magnetic/share/magnetic/environment/ament_prefix_path.sh
-- Symlinking: /home/cat/agv_ws/install/magnetic/share/magnetic/environment/ament_prefix_path.dsv
-- Symlinking: /home/cat/agv_ws/install/magnetic/share/magnetic/environment/path.sh
-- Symlinking: /home/cat/agv_ws/install/magnetic/share/magnetic/environment/path.dsv
-- Symlinking: /home/cat/agv_ws/install/magnetic/share/magnetic/local_setup.bash
-- Symlinking: /home/cat/agv_ws/install/magnetic/share/magnetic/local_setup.sh
-- Symlinking: /home/cat/agv_ws/install/magnetic/share/magnetic/local_setup.zsh
-- Symlinking: /home/cat/agv_ws/install/magnetic/share/magnetic/local_setup.dsv
-- Symlinking: /home/cat/agv_ws/install/magnetic/share/magnetic/package.dsv
-- Symlinking: /home/cat/agv_ws/install/magnetic/share/ament_index/resource_index/packages/magnetic
-- Symlinking: /home/cat/agv_ws/install/magnetic/share/magnetic/cmake/magneticConfig.cmake
-- Symlinking: /home/cat/agv_ws/install/magnetic/share/magnetic/cmake/magneticConfig-version.cmake
-- Symlinking: /home/cat/agv_ws/install/magnetic/share/magnetic/package.xml
