[2.225s] Invoking command in '/home/cat/agv_ws/build/ums_fiction_driver': CMAKE_PREFIX_PATH=${CMAKE_PREFIX_PATH}:/home/cat/agv_ws/install/path_track:/home/cat/agv_ws/install/path_plan:/home/cat/agv_ws/install/fusion:/home/cat/mapping_location/install/mt_slam:/opt/ros/humble /usr/bin/cmake /home/cat/agv_ws/src/ums_fiction_driver -DAMENT_CMAKE_SYMLINK_INSTALL=1 -DCMAKE_INSTALL_PREFIX=/home/cat/agv_ws/install/ums_fiction_driver
[2.260s] -- Found ament_cmake: 1.3.5 (/opt/ros/humble/share/ament_cmake/cmake)
[2.628s] -- Override CMake install command with custom implementation using symlinks instead of copying resources
[2.656s] -- Found rclcpp: 16.0.6 (/opt/ros/humble/share/rclcpp/cmake)
[2.719s] -- Found rosidl_generator_c: 3.1.5 (/opt/ros/humble/share/rosidl_generator_c/cmake)
[2.722s] -- Found rosidl_adapter: 3.1.5 (/opt/ros/humble/share/rosidl_adapter/cmake)
[2.730s] -- Found rosidl_generator_cpp: 3.1.5 (/opt/ros/humble/share/rosidl_generator_cpp/cmake)
[2.751s] -- Using all available rosidl_typesupport_c: rosidl_typesupport_fastrtps_c;rosidl_typesupport_introspection_c
[2.770s] -- Using all available rosidl_typesupport_cpp: rosidl_typesupport_fastrtps_cpp;rosidl_typesupport_introspection_cpp
[2.858s] -- Found rmw_implementation_cmake: 6.1.1 (/opt/ros/humble/share/rmw_implementation_cmake/cmake)
[2.860s] -- Found rmw_fastrtps_cpp: 6.2.4 (/opt/ros/humble/share/rmw_fastrtps_cpp/cmake)
[3.084s] -- Using RMW implementation 'rmw_fastrtps_cpp' as default
[3.330s] -- Found geometry_msgs: 4.2.3 (/opt/ros/humble/share/geometry_msgs/cmake)
[3.396s] -- Found sensor_msgs: 4.2.3 (/opt/ros/humble/share/sensor_msgs/cmake)
[3.524s] -- Found tf2: 0.25.4 (/opt/ros/humble/share/tf2/cmake)
[3.536s] -- Found tf2_ros: 0.25.4 (/opt/ros/humble/share/tf2_ros/cmake)
[4.034s] -- Found nav_msgs: 4.2.3 (/opt/ros/humble/share/nav_msgs/cmake)
[4.167s] -- Found tf2_geometry_msgs: 0.25.4 (/opt/ros/humble/share/tf2_geometry_msgs/cmake)
[4.173s] -- Found eigen3_cmake_module: 0.1.1 (/opt/ros/humble/share/eigen3_cmake_module/cmake)
[4.175s] -- Ensuring Eigen3 include directory is part of orocos-kdl CMake target
[4.190s] -- Configuring for arm64
[4.191s] -- Found ament_lint_auto: 0.12.8 (/opt/ros/humble/share/ament_lint_auto/cmake)
[4.338s] -- Added test 'cppcheck' to perform static code analysis on C / C++ code
[4.339s] -- Configured cppcheck include dirs: /home/cat/agv_ws/src/ums_fiction_driver/include;/home/cat/agv_ws/src/ums_fiction_driver/include/log4cpp;/home/cat/agv_ws/src/ums_fiction_driver/src/serial;$<BUILD_INTERFACE:/home/cat/agv_ws/src/ums_fiction_driver/include>
[4.340s] -- Configured cppcheck exclude dirs and/or files: 
[4.341s] -- Added test 'flake8' to check Python code syntax and style conventions
[4.343s] -- Added test 'lint_cmake' to check CMake code style
[4.345s] -- Added test 'pep257' to check Python code against some of the docstring style conventions in PEP 257
[4.350s] -- Added test 'uncrustify' to check C / C++ code style
[4.351s] -- Configured uncrustify additional arguments: 
[4.352s] -- Added test 'xmllint' to check XML markup files
[4.353s] -- Configuring done
[4.371s] -- Generating done
[4.374s] -- Build files have been written to: /home/cat/agv_ws/build/ums_fiction_driver
[4.465s] Invoked command in '/home/cat/agv_ws/build/ums_fiction_driver' returned '0': CMAKE_PREFIX_PATH=${CMAKE_PREFIX_PATH}:/home/cat/agv_ws/install/path_track:/home/cat/agv_ws/install/path_plan:/home/cat/agv_ws/install/fusion:/home/cat/mapping_location/install/mt_slam:/opt/ros/humble /usr/bin/cmake /home/cat/agv_ws/src/ums_fiction_driver -DAMENT_CMAKE_SYMLINK_INSTALL=1 -DCMAKE_INSTALL_PREFIX=/home/cat/agv_ws/install/ums_fiction_driver
[4.468s] Invoking command in '/home/cat/agv_ws/build/ums_fiction_driver': CMAKE_PREFIX_PATH=${CMAKE_PREFIX_PATH}:/home/cat/agv_ws/install/path_track:/home/cat/agv_ws/install/path_plan:/home/cat/agv_ws/install/fusion:/home/cat/mapping_location/install/mt_slam:/opt/ros/humble /usr/bin/cmake --build /home/cat/agv_ws/build/ums_fiction_driver -- -j8 -l8
[4.607s] [35m[1mConsolidate compiler generated dependencies of target ums_fiction_driver_node[0m
[4.676s] [100%] Built target ums_fiction_driver_node
[4.724s] Invoked command in '/home/cat/agv_ws/build/ums_fiction_driver' returned '0': CMAKE_PREFIX_PATH=${CMAKE_PREFIX_PATH}:/home/cat/agv_ws/install/path_track:/home/cat/agv_ws/install/path_plan:/home/cat/agv_ws/install/fusion:/home/cat/mapping_location/install/mt_slam:/opt/ros/humble /usr/bin/cmake --build /home/cat/agv_ws/build/ums_fiction_driver -- -j8 -l8
[4.809s] Invoking command in '/home/cat/agv_ws/build/ums_fiction_driver': CMAKE_PREFIX_PATH=${CMAKE_PREFIX_PATH}:/home/cat/agv_ws/install/path_track:/home/cat/agv_ws/install/path_plan:/home/cat/agv_ws/install/fusion:/home/cat/mapping_location/install/mt_slam:/opt/ros/humble /usr/bin/cmake --install /home/cat/agv_ws/build/ums_fiction_driver
[4.840s] -- Install configuration: ""
[4.840s] -- Execute custom install script
[4.840s] -- Up-to-date symlink: /home/cat/agv_ws/install/ums_fiction_driver/lib/ums_fiction_driver/ums_fiction_driver_node
[4.841s] -- Up-to-date symlink: /home/cat/agv_ws/install/ums_fiction_driver/lib/libums_sdk.so
[4.841s] -- Up-to-date symlink: /home/cat/agv_ws/install/ums_fiction_driver/lib/libserial.so
[4.841s] -- Up-to-date symlink: /home/cat/agv_ws/install/ums_fiction_driver/lib/liblog4.so
[4.841s] -- Up-to-date symlink: /home/cat/agv_ws/install/ums_fiction_driver/share/ums_fiction_driver/launch/ums_fiction_mini.launch.py
[4.841s] -- Up-to-date symlink: /home/cat/agv_ws/install/ums_fiction_driver/share/ums_fiction_driver/launch/ums_fiction_v1.launch.py
[4.842s] -- Up-to-date symlink: /home/cat/agv_ws/install/ums_fiction_driver/share/ums_fiction_driver/param/fiction.yaml
[4.842s] -- Up-to-date symlink: /home/cat/agv_ws/install/ums_fiction_driver/share/ums_fiction_driver/param/mini.yaml
[4.842s] -- Up-to-date symlink: /home/cat/agv_ws/install/ums_fiction_driver/share/ums_fiction_driver/script/create_udev.sh
[4.843s] -- Up-to-date symlink: /home/cat/agv_ws/install/ums_fiction_driver/share/ums_fiction_driver/script/ums.rules
[4.843s] -- Up-to-date symlink: /home/cat/agv_ws/install/ums_fiction_driver/share/ament_index/resource_index/package_run_dependencies/ums_fiction_driver
[4.844s] -- Up-to-date symlink: /home/cat/agv_ws/install/ums_fiction_driver/share/ament_index/resource_index/parent_prefix_path/ums_fiction_driver
[4.844s] -- Up-to-date symlink: /home/cat/agv_ws/install/ums_fiction_driver/share/ums_fiction_driver/environment/ament_prefix_path.sh
[4.845s] -- Up-to-date symlink: /home/cat/agv_ws/install/ums_fiction_driver/share/ums_fiction_driver/environment/ament_prefix_path.dsv
[4.845s] -- Up-to-date symlink: /home/cat/agv_ws/install/ums_fiction_driver/share/ums_fiction_driver/environment/path.sh
[4.845s] -- Up-to-date symlink: /home/cat/agv_ws/install/ums_fiction_driver/share/ums_fiction_driver/environment/path.dsv
[4.846s] -- Up-to-date symlink: /home/cat/agv_ws/install/ums_fiction_driver/share/ums_fiction_driver/local_setup.bash
[4.846s] -- Up-to-date symlink: /home/cat/agv_ws/install/ums_fiction_driver/share/ums_fiction_driver/local_setup.sh
[4.847s] -- Up-to-date symlink: /home/cat/agv_ws/install/ums_fiction_driver/share/ums_fiction_driver/local_setup.zsh
[4.847s] -- Up-to-date symlink: /home/cat/agv_ws/install/ums_fiction_driver/share/ums_fiction_driver/local_setup.dsv
[4.847s] -- Symlinking: /home/cat/agv_ws/install/ums_fiction_driver/share/ums_fiction_driver/package.dsv
[4.865s] -- Up-to-date symlink: /home/cat/agv_ws/install/ums_fiction_driver/share/ament_index/resource_index/packages/ums_fiction_driver
[4.866s] -- Up-to-date symlink: /home/cat/agv_ws/install/ums_fiction_driver/share/ums_fiction_driver/cmake/ums_fiction_driverConfig.cmake
[4.867s] -- Up-to-date symlink: /home/cat/agv_ws/install/ums_fiction_driver/share/ums_fiction_driver/cmake/ums_fiction_driverConfig-version.cmake
[4.867s] -- Up-to-date symlink: /home/cat/agv_ws/install/ums_fiction_driver/share/ums_fiction_driver/package.xml
[4.872s] Invoked command in '/home/cat/agv_ws/build/ums_fiction_driver' returned '0': CMAKE_PREFIX_PATH=${CMAKE_PREFIX_PATH}:/home/cat/agv_ws/install/path_track:/home/cat/agv_ws/install/path_plan:/home/cat/agv_ws/install/fusion:/home/cat/mapping_location/install/mt_slam:/opt/ros/humble /usr/bin/cmake --install /home/cat/agv_ws/build/ums_fiction_driver
