[2.294s] Invoking command in '/home/cat/agv_ws/build/ums_fiction_driver': CMAKE_PREFIX_PATH=${CMAKE_PREFIX_PATH}:/home/cat/agv_ws/install/path_track:/home/cat/agv_ws/install/path_plan:/home/cat/agv_ws/install/fusion:/home/cat/mapping_location/install/mt_slam:/opt/ros/humble /usr/bin/cmake /home/cat/agv_ws/src/ums_fiction_driver -DAMENT_CMAKE_SYMLINK_INSTALL=1 -DCMAKE_INSTALL_PREFIX=/home/cat/agv_ws/install/ums_fiction_driver
[2.334s] -- Found ament_cmake: 1.3.5 (/opt/ros/humble/share/ament_cmake/cmake)
[2.989s] -- Override CMake install command with custom implementation using symlinks instead of copying resources
[3.020s] -- Found rclcpp: 16.0.6 (/opt/ros/humble/share/rclcpp/cmake)
[3.162s] -- Found rosidl_generator_c: 3.1.5 (/opt/ros/humble/share/rosidl_generator_c/cmake)
[3.175s] -- Found rosidl_adapter: 3.1.5 (/opt/ros/humble/share/rosidl_adapter/cmake)
[3.205s] -- Found rosidl_generator_cpp: 3.1.5 (/opt/ros/humble/share/rosidl_generator_cpp/cmake)
[3.260s] -- Using all available rosidl_typesupport_c: rosidl_typesupport_fastrtps_c;rosidl_typesupport_introspection_c
[3.286s] -- Using all available rosidl_typesupport_cpp: rosidl_typesupport_fastrtps_cpp;rosidl_typesupport_introspection_cpp
[3.376s] -- Found rmw_implementation_cmake: 6.1.1 (/opt/ros/humble/share/rmw_implementation_cmake/cmake)
[3.377s] -- Found rmw_fastrtps_cpp: 6.2.4 (/opt/ros/humble/share/rmw_fastrtps_cpp/cmake)
[3.813s] -- Using RMW implementation 'rmw_fastrtps_cpp' as default
[4.296s] -- Found geometry_msgs: 4.2.3 (/opt/ros/humble/share/geometry_msgs/cmake)
[4.364s] -- Found sensor_msgs: 4.2.3 (/opt/ros/humble/share/sensor_msgs/cmake)
[4.494s] -- Found tf2: 0.25.4 (/opt/ros/humble/share/tf2/cmake)
[4.506s] -- Found tf2_ros: 0.25.4 (/opt/ros/humble/share/tf2_ros/cmake)
[5.004s] -- Found nav_msgs: 4.2.3 (/opt/ros/humble/share/nav_msgs/cmake)
[5.135s] -- Found tf2_geometry_msgs: 0.25.4 (/opt/ros/humble/share/tf2_geometry_msgs/cmake)
[5.141s] -- Found eigen3_cmake_module: 0.1.1 (/opt/ros/humble/share/eigen3_cmake_module/cmake)
[5.144s] -- Ensuring Eigen3 include directory is part of orocos-kdl CMake target
[5.158s] -- Configuring for arm64
[5.159s] -- Found ament_lint_auto: 0.12.8 (/opt/ros/humble/share/ament_lint_auto/cmake)
[5.331s] -- Added test 'cppcheck' to perform static code analysis on C / C++ code
[5.331s] -- Configured cppcheck include dirs: /home/cat/agv_ws/src/ums_fiction_driver/include;/home/cat/agv_ws/src/ums_fiction_driver/include/log4cpp;/home/cat/agv_ws/src/ums_fiction_driver/src/serial;$<BUILD_INTERFACE:/home/cat/agv_ws/src/ums_fiction_driver/include>
[5.331s] -- Configured cppcheck exclude dirs and/or files: 
[5.333s] -- Added test 'flake8' to check Python code syntax and style conventions
[5.335s] -- Added test 'lint_cmake' to check CMake code style
[5.337s] -- Added test 'pep257' to check Python code against some of the docstring style conventions in PEP 257
[5.344s] -- Added test 'uncrustify' to check C / C++ code style
[5.345s] -- Configured uncrustify additional arguments: 
[5.346s] -- Added test 'xmllint' to check XML markup files
[5.348s] -- Configuring done
[5.373s] -- Generating done
[5.377s] -- Build files have been written to: /home/cat/agv_ws/build/ums_fiction_driver
[5.402s] Invoked command in '/home/cat/agv_ws/build/ums_fiction_driver' returned '0': CMAKE_PREFIX_PATH=${CMAKE_PREFIX_PATH}:/home/cat/agv_ws/install/path_track:/home/cat/agv_ws/install/path_plan:/home/cat/agv_ws/install/fusion:/home/cat/mapping_location/install/mt_slam:/opt/ros/humble /usr/bin/cmake /home/cat/agv_ws/src/ums_fiction_driver -DAMENT_CMAKE_SYMLINK_INSTALL=1 -DCMAKE_INSTALL_PREFIX=/home/cat/agv_ws/install/ums_fiction_driver
[5.409s] Invoking command in '/home/cat/agv_ws/build/ums_fiction_driver': CMAKE_PREFIX_PATH=${CMAKE_PREFIX_PATH}:/home/cat/agv_ws/install/path_track:/home/cat/agv_ws/install/path_plan:/home/cat/agv_ws/install/fusion:/home/cat/mapping_location/install/mt_slam:/opt/ros/humble /usr/bin/cmake --build /home/cat/agv_ws/build/ums_fiction_driver -- -j8 -l8
[5.617s] [35m[1mConsolidate compiler generated dependencies of target ums_fiction_driver_node[0m
[5.724s] [ 50%] [32m[1mLinking CXX executable ums_fiction_driver_node[0m
[7.890s] [100%] Built target ums_fiction_driver_node
[7.953s] Invoked command in '/home/cat/agv_ws/build/ums_fiction_driver' returned '0': CMAKE_PREFIX_PATH=${CMAKE_PREFIX_PATH}:/home/cat/agv_ws/install/path_track:/home/cat/agv_ws/install/path_plan:/home/cat/agv_ws/install/fusion:/home/cat/mapping_location/install/mt_slam:/opt/ros/humble /usr/bin/cmake --build /home/cat/agv_ws/build/ums_fiction_driver -- -j8 -l8
[8.011s] Invoking command in '/home/cat/agv_ws/build/ums_fiction_driver': CMAKE_PREFIX_PATH=${CMAKE_PREFIX_PATH}:/home/cat/agv_ws/install/path_track:/home/cat/agv_ws/install/path_plan:/home/cat/agv_ws/install/fusion:/home/cat/mapping_location/install/mt_slam:/opt/ros/humble /usr/bin/cmake --install /home/cat/agv_ws/build/ums_fiction_driver
[8.034s] -- Install configuration: ""
[8.035s] -- Execute custom install script
[8.036s] -- Symlinking: /home/cat/agv_ws/install/ums_fiction_driver/lib/ums_fiction_driver/ums_fiction_driver_node
[8.070s] -- Symlinking: /home/cat/agv_ws/install/ums_fiction_driver/lib/libums_sdk.so
[8.105s] -- Symlinking: /home/cat/agv_ws/install/ums_fiction_driver/lib/libserial.so
[8.136s] -- Symlinking: /home/cat/agv_ws/install/ums_fiction_driver/lib/liblog4.so
[8.167s] -- Symlinking: /home/cat/agv_ws/install/ums_fiction_driver/share/ums_fiction_driver/launch/ums_fiction_mini.launch.py
[8.184s] -- Symlinking: /home/cat/agv_ws/install/ums_fiction_driver/share/ums_fiction_driver/launch/ums_fiction_v1.launch.py
[8.220s] -- Symlinking: /home/cat/agv_ws/install/ums_fiction_driver/share/ums_fiction_driver/param/fiction.yaml
[8.249s] -- Symlinking: /home/cat/agv_ws/install/ums_fiction_driver/share/ums_fiction_driver/param/mini.yaml
[8.279s] -- Symlinking: /home/cat/agv_ws/install/ums_fiction_driver/share/ums_fiction_driver/script/create_udev.sh
[8.313s] -- Symlinking: /home/cat/agv_ws/install/ums_fiction_driver/share/ums_fiction_driver/script/ums.rules
[8.343s] -- Symlinking: /home/cat/agv_ws/install/ums_fiction_driver/share/ament_index/resource_index/package_run_dependencies/ums_fiction_driver
[8.372s] -- Symlinking: /home/cat/agv_ws/install/ums_fiction_driver/share/ament_index/resource_index/parent_prefix_path/ums_fiction_driver
[8.406s] -- Symlinking: /home/cat/agv_ws/install/ums_fiction_driver/share/ums_fiction_driver/environment/ament_prefix_path.sh
[8.442s] -- Symlinking: /home/cat/agv_ws/install/ums_fiction_driver/share/ums_fiction_driver/environment/ament_prefix_path.dsv
[8.472s] -- Symlinking: /home/cat/agv_ws/install/ums_fiction_driver/share/ums_fiction_driver/environment/path.sh
[8.504s] -- Symlinking: /home/cat/agv_ws/install/ums_fiction_driver/share/ums_fiction_driver/environment/path.dsv
[8.534s] -- Symlinking: /home/cat/agv_ws/install/ums_fiction_driver/share/ums_fiction_driver/local_setup.bash
[8.564s] -- Symlinking: /home/cat/agv_ws/install/ums_fiction_driver/share/ums_fiction_driver/local_setup.sh
[8.600s] -- Symlinking: /home/cat/agv_ws/install/ums_fiction_driver/share/ums_fiction_driver/local_setup.zsh
[8.632s] -- Symlinking: /home/cat/agv_ws/install/ums_fiction_driver/share/ums_fiction_driver/local_setup.dsv
[8.662s] -- Symlinking: /home/cat/agv_ws/install/ums_fiction_driver/share/ums_fiction_driver/package.dsv
[8.695s] -- Symlinking: /home/cat/agv_ws/install/ums_fiction_driver/share/ament_index/resource_index/packages/ums_fiction_driver
[8.726s] -- Symlinking: /home/cat/agv_ws/install/ums_fiction_driver/share/ums_fiction_driver/cmake/ums_fiction_driverConfig.cmake
[8.758s] -- Symlinking: /home/cat/agv_ws/install/ums_fiction_driver/share/ums_fiction_driver/cmake/ums_fiction_driverConfig-version.cmake
[8.790s] -- Symlinking: /home/cat/agv_ws/install/ums_fiction_driver/share/ums_fiction_driver/package.xml
[8.815s] Invoked command in '/home/cat/agv_ws/build/ums_fiction_driver' returned '0': CMAKE_PREFIX_PATH=${CMAKE_PREFIX_PATH}:/home/cat/agv_ws/install/path_track:/home/cat/agv_ws/install/path_plan:/home/cat/agv_ws/install/fusion:/home/cat/mapping_location/install/mt_slam:/opt/ros/humble /usr/bin/cmake --install /home/cat/agv_ws/build/ums_fiction_driver
