[2.148s] Invoking command in '/home/cat/agv_ws/build/vrpn_client_ros': CMAKE_PREFIX_PATH=${CMAKE_PREFIX_PATH}:/home/cat/agv_ws/install/path_track:/home/cat/agv_ws/install/path_plan:/home/cat/agv_ws/install/fusion:/home/cat/mapping_location/install/mt_slam:/opt/ros/humble /usr/bin/cmake /home/cat/agv_ws/src/vrpn_client_ros -DCMAKE_INSTALL_PREFIX=/home/cat/agv_ws/install/vrpn_client_ros
[2.414s] -- The C compiler identification is GNU 11.4.0
[2.664s] -- The CXX compiler identification is GNU 11.4.0
[2.670s] -- Detecting C compiler ABI info
[2.859s] -- Detecting C compiler ABI info - done
[2.870s] -- Check for working C compiler: /usr/bin/cc - skipped
[2.870s] -- Detecting C compile features
[2.871s] -- Detecting C compile features - done
[2.876s] -- Detecting CXX compiler ABI info
[3.168s] -- Detecting CXX compiler ABI info - done
[3.180s] -- Check for working CXX compiler: /usr/bin/c++ - skipped
[3.180s] -- Detecting CXX compile features
[3.181s] -- Detecting CXX compile features - done
[3.186s] -- Found ament_cmake: 1.3.5 (/opt/ros/humble/share/ament_cmake/cmake)
[3.699s] -- Found Python3: /usr/bin/python3.10 (found version "3.10.12") found components: Interpreter 
[4.028s] -- Found quatlib: /usr/local/lib/libquat.a  
[4.037s] -- Looking for pthread.h
[4.330s] -- Looking for pthread.h - found
[4.331s] -- Performing Test CMAKE_HAVE_LIBC_PTHREAD
[4.533s] -- Performing Test CMAKE_HAVE_LIBC_PTHREAD - Success
[4.534s] -- Found Threads: TRUE  
[4.535s] -- Found VRPN: /usr/local/lib/libvrpn.a  
[4.539s] -- Found rclcpp: 16.0.6 (/opt/ros/humble/share/rclcpp/cmake)
[4.609s] -- Found rosidl_generator_c: 3.1.5 (/opt/ros/humble/share/rosidl_generator_c/cmake)
[4.619s] -- Found rosidl_adapter: 3.1.5 (/opt/ros/humble/share/rosidl_adapter/cmake)
[4.634s] -- Found rosidl_generator_cpp: 3.1.5 (/opt/ros/humble/share/rosidl_generator_cpp/cmake)
[4.657s] -- Using all available rosidl_typesupport_c: rosidl_typesupport_fastrtps_c;rosidl_typesupport_introspection_c
[4.690s] -- Using all available rosidl_typesupport_cpp: rosidl_typesupport_fastrtps_cpp;rosidl_typesupport_introspection_cpp
[4.811s] -- Found rmw_implementation_cmake: 6.1.1 (/opt/ros/humble/share/rmw_implementation_cmake/cmake)
[4.815s] -- Found rmw_fastrtps_cpp: 6.2.4 (/opt/ros/humble/share/rmw_fastrtps_cpp/cmake)
[5.040s] -- Found OpenSSL: /usr/lib/aarch64-linux-gnu/libcrypto.so (found version "3.0.2")  
[5.089s] -- Found FastRTPS: /opt/ros/humble/include  
[5.175s] -- Using RMW implementation 'rmw_fastrtps_cpp' as default
[5.442s] -- Found geometry_msgs: 4.2.3 (/opt/ros/humble/share/geometry_msgs/cmake)
[5.512s] -- Found tf2: 0.25.4 (/opt/ros/humble/share/tf2/cmake)
[5.538s] -- Found tf2_ros: 0.25.4 (/opt/ros/humble/share/tf2_ros/cmake)
[6.078s] -- Found tf2_kdl: 0.25.4 (/opt/ros/humble/share/tf2_kdl/cmake)
[6.118s] -- Found eigen3_cmake_module: 0.1.1 (/opt/ros/humble/share/eigen3_cmake_module/cmake)
[6.120s] -- Found Eigen3: TRUE (found version "3.4.0") 
[6.121s] -- Ensuring Eigen3 include directory is part of orocos-kdl CMake target
[6.142s] -- Found tf2_geometry_msgs: 0.25.4 (/opt/ros/humble/share/tf2_geometry_msgs/cmake)
[6.164s] -- Found ament_lint_auto: 0.12.8 (/opt/ros/humble/share/ament_lint_auto/cmake)
[6.352s] -- Added test 'copyright' to check source files copyright and LICENSE
[6.359s] -- Added test 'cppcheck' to perform static code analysis on C / C++ code
[6.359s] -- Configured cppcheck include dirs: /home/cat/agv_ws/src/vrpn_client_ros/include
[6.360s] -- Configured cppcheck exclude dirs and/or files: 
[6.364s] -- Added test 'cpplint' to check C / C++ code against the Google style
[6.365s] -- Configured cpplint exclude dirs and/or files: 
[6.365s] -- Added test 'flake8' to check Python code syntax and style conventions
[6.367s] -- Added test 'lint_cmake' to check CMake code style
[6.369s] -- Added test 'pep257' to check Python code against some of the docstring style conventions in PEP 257
[6.373s] -- Added test 'uncrustify' to check C / C++ code style
[6.373s] -- Configured uncrustify additional arguments: 
[6.374s] -- Added test 'xmllint' to check XML markup files
[6.376s] -- Configuring done
[6.406s] -- Generating done
[6.409s] -- Build files have been written to: /home/cat/agv_ws/build/vrpn_client_ros
[6.432s] Invoked command in '/home/cat/agv_ws/build/vrpn_client_ros' returned '0': CMAKE_PREFIX_PATH=${CMAKE_PREFIX_PATH}:/home/cat/agv_ws/install/path_track:/home/cat/agv_ws/install/path_plan:/home/cat/agv_ws/install/fusion:/home/cat/mapping_location/install/mt_slam:/opt/ros/humble /usr/bin/cmake /home/cat/agv_ws/src/vrpn_client_ros -DCMAKE_INSTALL_PREFIX=/home/cat/agv_ws/install/vrpn_client_ros
[6.434s] Invoking command in '/home/cat/agv_ws/build/vrpn_client_ros': CMAKE_PREFIX_PATH=${CMAKE_PREFIX_PATH}:/home/cat/agv_ws/install/path_track:/home/cat/agv_ws/install/path_plan:/home/cat/agv_ws/install/fusion:/home/cat/mapping_location/install/mt_slam:/opt/ros/humble /usr/bin/cmake --build /home/cat/agv_ws/build/vrpn_client_ros -- -j8 -l8
[6.586s] [ 16%] [32mBuilding CXX object CMakeFiles/vrpn_client_ros.dir/src/vrpn_client_ros.cpp.o[0m
[17.638s] [ 33%] [32m[1mLinking CXX static library libvrpn_client_ros.a[0m
[17.874s] [ 33%] Built target vrpn_client_ros
[17.947s] [ 66%] [32mBuilding CXX object CMakeFiles/vrpn_client_node.dir/src/vrpn_client_node.cpp.o[0m
[17.947s] [ 66%] [32mBuilding CXX object CMakeFiles/vrpn_tracker_node.dir/src/vrpn_tracker_node.cpp.o[0m
[23.693s] [ 83%] [32m[1mLinking CXX executable vrpn_tracker_node[0m
[24.487s] [ 83%] Built target vrpn_tracker_node
[24.548s] [100%] [32m[1mLinking CXX executable vrpn_client_node[0m
[25.220s] [100%] Built target vrpn_client_node
[25.253s] Invoked command in '/home/cat/agv_ws/build/vrpn_client_ros' returned '0': CMAKE_PREFIX_PATH=${CMAKE_PREFIX_PATH}:/home/cat/agv_ws/install/path_track:/home/cat/agv_ws/install/path_plan:/home/cat/agv_ws/install/fusion:/home/cat/mapping_location/install/mt_slam:/opt/ros/humble /usr/bin/cmake --build /home/cat/agv_ws/build/vrpn_client_ros -- -j8 -l8
[25.351s] Invoking command in '/home/cat/agv_ws/build/vrpn_client_ros': CMAKE_PREFIX_PATH=${CMAKE_PREFIX_PATH}:/home/cat/agv_ws/install/path_track:/home/cat/agv_ws/install/path_plan:/home/cat/agv_ws/install/fusion:/home/cat/mapping_location/install/mt_slam:/opt/ros/humble /usr/bin/cmake --install /home/cat/agv_ws/build/vrpn_client_ros
[25.374s] -- Install configuration: ""
[25.374s] -- Installing: /home/cat/agv_ws/install/vrpn_client_ros/share/vrpn_client_ros//launch
[25.374s] -- Installing: /home/cat/agv_ws/install/vrpn_client_ros/share/vrpn_client_ros//launch/sample.launch.py
[25.375s] -- Installing: /home/cat/agv_ws/install/vrpn_client_ros/share/vrpn_client_ros//config
[25.375s] -- Installing: /home/cat/agv_ws/install/vrpn_client_ros/share/vrpn_client_ros//config/sample.params.yaml
[25.376s] -- Installing: /home/cat/agv_ws/install/vrpn_client_ros/lib/libvrpn_client_ros.a
[25.387s] -- Installing: /home/cat/agv_ws/install/vrpn_client_ros/lib/vrpn_client_ros/vrpn_tracker_node
[25.393s] -- Set runtime path of "/home/cat/agv_ws/install/vrpn_client_ros/lib/vrpn_client_ros/vrpn_tracker_node" to ""
[25.394s] -- Installing: /home/cat/agv_ws/install/vrpn_client_ros/lib/vrpn_client_ros/vrpn_client_node
[25.400s] -- Set runtime path of "/home/cat/agv_ws/install/vrpn_client_ros/lib/vrpn_client_ros/vrpn_client_node" to ""
[25.400s] -- Installing: /home/cat/agv_ws/install/vrpn_client_ros/share/ament_index/resource_index/package_run_dependencies/vrpn_client_ros
[25.401s] -- Installing: /home/cat/agv_ws/install/vrpn_client_ros/share/ament_index/resource_index/parent_prefix_path/vrpn_client_ros
[25.401s] -- Installing: /home/cat/agv_ws/install/vrpn_client_ros/share/vrpn_client_ros/environment/ament_prefix_path.sh
[25.401s] -- Installing: /home/cat/agv_ws/install/vrpn_client_ros/share/vrpn_client_ros/environment/ament_prefix_path.dsv
[25.402s] -- Installing: /home/cat/agv_ws/install/vrpn_client_ros/share/vrpn_client_ros/environment/path.sh
[25.402s] -- Installing: /home/cat/agv_ws/install/vrpn_client_ros/share/vrpn_client_ros/environment/path.dsv
[25.402s] -- Installing: /home/cat/agv_ws/install/vrpn_client_ros/share/vrpn_client_ros/local_setup.bash
[25.403s] -- Installing: /home/cat/agv_ws/install/vrpn_client_ros/share/vrpn_client_ros/local_setup.sh
[25.403s] -- Installing: /home/cat/agv_ws/install/vrpn_client_ros/share/vrpn_client_ros/local_setup.zsh
[25.404s] -- Installing: /home/cat/agv_ws/install/vrpn_client_ros/share/vrpn_client_ros/local_setup.dsv
[25.404s] -- Installing: /home/cat/agv_ws/install/vrpn_client_ros/share/vrpn_client_ros/package.dsv
[25.405s] -- Installing: /home/cat/agv_ws/install/vrpn_client_ros/share/ament_index/resource_index/packages/vrpn_client_ros
[25.406s] -- Installing: /home/cat/agv_ws/install/vrpn_client_ros/share/vrpn_client_ros/cmake/vrpn_client_rosConfig.cmake
[25.407s] -- Installing: /home/cat/agv_ws/install/vrpn_client_ros/share/vrpn_client_ros/cmake/vrpn_client_rosConfig-version.cmake
[25.408s] -- Installing: /home/cat/agv_ws/install/vrpn_client_ros/share/vrpn_client_ros/package.xml
[25.409s] Invoked command in '/home/cat/agv_ws/build/vrpn_client_ros' returned '0': CMAKE_PREFIX_PATH=${CMAKE_PREFIX_PATH}:/home/cat/agv_ws/install/path_track:/home/cat/agv_ws/install/path_plan:/home/cat/agv_ws/install/fusion:/home/cat/mapping_location/install/mt_slam:/opt/ros/humble /usr/bin/cmake --install /home/cat/agv_ws/build/vrpn_client_ros
