-- Found ament_cmake: 1.3.5 (/opt/ros/humble/share/ament_cmake/cmake)
-- Override CMake install command with custom implementation using symlinks instead of copying resources
-- Found msg_interfaces: 0.0.0 (/opt/ros/humble/share/msg_interfaces/cmake)
-- Found rosidl_generator_c: 3.1.5 (/opt/ros/humble/share/rosidl_generator_c/cmake)
-- Found rosidl_adapter: 3.1.5 (/opt/ros/humble/share/rosidl_adapter/cmake)
-- Found rosidl_generator_cpp: 3.1.5 (/opt/ros/humble/share/rosidl_generator_cpp/cmake)
-- Using all available rosidl_typesupport_c: rosidl_typesupport_fastrtps_c;rosidl_typesupport_introspection_c
-- Using all available rosidl_typesupport_cpp: rosidl_typesupport_fastrtps_cpp;rosidl_typesupport_introspection_cpp
-- Found rclcpp: 16.0.6 (/opt/ros/humble/share/rclcpp/cmake)
-- Found rmw_implementation_cmake: 6.1.1 (/opt/ros/humble/share/rmw_implementation_cmake/cmake)
-- Found rmw_fastrtps_cpp: 6.2.4 (/opt/ros/humble/share/rmw_fastrtps_cpp/cmake)
-- Using RMW implementation 'rmw_fastrtps_cpp' as default
-- Found ament_lint_auto: 0.12.8 (/opt/ros/humble/share/ament_lint_auto/cmake)
-- Added test 'copyright' to check source files copyright and LICENSE
-- Added test 'cppcheck' to perform static code analysis on C / C++ code
-- Configured cppcheck include dirs: 
-- Configured cppcheck exclude dirs and/or files: 
-- Added test 'cpplint' to check C / C++ code against the Google style
-- Configured cpplint exclude dirs and/or files: 
-- Added test 'lint_cmake' to check CMake code style
-- Added test 'uncrustify' to check C / C++ code style
-- Configured uncrustify additional arguments: 
-- Added test 'xmllint' to check XML markup files
-- Configuring done
-- Generating done
-- Build files have been written to: /home/cat/agv_ws/build/pid
[35m[1mConsolidate compiler generated dependencies of target pid[0m
[ 50%] [32m[1mLinking CXX executable pid[0m
[100%] Built target pid
-- Install configuration: ""
-- Execute custom install script
-- Symlinking: /home/cat/agv_ws/install/pid/lib/pid/pid
-- Symlinking: /home/cat/agv_ws/install/pid/share/ament_index/resource_index/package_run_dependencies/pid
-- Symlinking: /home/cat/agv_ws/install/pid/share/ament_index/resource_index/parent_prefix_path/pid
-- Symlinking: /home/cat/agv_ws/install/pid/share/pid/environment/ament_prefix_path.sh
-- Symlinking: /home/cat/agv_ws/install/pid/share/pid/environment/ament_prefix_path.dsv
-- Symlinking: /home/cat/agv_ws/install/pid/share/pid/environment/path.sh
-- Symlinking: /home/cat/agv_ws/install/pid/share/pid/environment/path.dsv
-- Symlinking: /home/cat/agv_ws/install/pid/share/pid/local_setup.bash
-- Symlinking: /home/cat/agv_ws/install/pid/share/pid/local_setup.sh
-- Symlinking: /home/cat/agv_ws/install/pid/share/pid/local_setup.zsh
-- Symlinking: /home/cat/agv_ws/install/pid/share/pid/local_setup.dsv
-- Symlinking: /home/cat/agv_ws/install/pid/share/pid/package.dsv
-- Symlinking: /home/cat/agv_ws/install/pid/share/ament_index/resource_index/packages/pid
-- Symlinking: /home/cat/agv_ws/install/pid/share/pid/cmake/pidConfig.cmake
-- Symlinking: /home/cat/agv_ws/install/pid/share/pid/cmake/pidConfig-version.cmake
-- Symlinking: /home/cat/agv_ws/install/pid/share/pid/package.xml
