[2.408s] Invoking command in '/home/cat/agv_ws/build/pid': CMAKE_PREFIX_PATH=${CMAKE_PREFIX_PATH}:/home/cat/agv_ws/install/path_track:/home/cat/agv_ws/install/path_plan:/home/cat/agv_ws/install/fusion:/home/cat/mapping_location/install/mt_slam:/opt/ros/humble /usr/bin/cmake /home/cat/agv_ws/src/pid -DAMENT_CMAKE_SYMLINK_INSTALL=1 -DCMAKE_INSTALL_PREFIX=/home/cat/agv_ws/install/pid
[2.444s] -- Found ament_cmake: 1.3.5 (/opt/ros/humble/share/ament_cmake/cmake)
[3.122s] -- Override CMake install command with custom implementation using symlinks instead of copying resources
[3.154s] -- Found msg_interfaces: 0.0.0 (/opt/ros/humble/share/msg_interfaces/cmake)
[3.278s] -- Found rosidl_generator_c: 3.1.5 (/opt/ros/humble/share/rosidl_generator_c/cmake)
[3.292s] -- Found rosidl_adapter: 3.1.5 (/opt/ros/humble/share/rosidl_adapter/cmake)
[3.322s] -- Found rosidl_generator_cpp: 3.1.5 (/opt/ros/humble/share/rosidl_generator_cpp/cmake)
[3.392s] -- Using all available rosidl_typesupport_c: rosidl_typesupport_fastrtps_c;rosidl_typesupport_introspection_c
[3.468s] -- Using all available rosidl_typesupport_cpp: rosidl_typesupport_fastrtps_cpp;rosidl_typesupport_introspection_cpp
[4.037s] -- Found rclcpp: 16.0.6 (/opt/ros/humble/share/rclcpp/cmake)
[4.116s] -- Found rmw_implementation_cmake: 6.1.1 (/opt/ros/humble/share/rmw_implementation_cmake/cmake)
[4.116s] -- Found rmw_fastrtps_cpp: 6.2.4 (/opt/ros/humble/share/rmw_fastrtps_cpp/cmake)
[4.480s] -- Using RMW implementation 'rmw_fastrtps_cpp' as default
[4.693s] -- Found ament_lint_auto: 0.12.8 (/opt/ros/humble/share/ament_lint_auto/cmake)
[4.881s] -- Added test 'copyright' to check source files copyright and LICENSE
[4.883s] -- Added test 'cppcheck' to perform static code analysis on C / C++ code
[4.886s] -- Configured cppcheck include dirs: 
[4.887s] -- Configured cppcheck exclude dirs and/or files: 
[4.888s] -- Added test 'cpplint' to check C / C++ code against the Google style
[4.889s] -- Configured cpplint exclude dirs and/or files: 
[4.890s] -- Added test 'lint_cmake' to check CMake code style
[4.891s] -- Added test 'uncrustify' to check C / C++ code style
[4.894s] -- Configured uncrustify additional arguments: 
[4.895s] -- Added test 'xmllint' to check XML markup files
[4.896s] -- Configuring done
[4.909s] -- Generating done
[4.910s] -- Build files have been written to: /home/cat/agv_ws/build/pid
[4.975s] Invoked command in '/home/cat/agv_ws/build/pid' returned '0': CMAKE_PREFIX_PATH=${CMAKE_PREFIX_PATH}:/home/cat/agv_ws/install/path_track:/home/cat/agv_ws/install/path_plan:/home/cat/agv_ws/install/fusion:/home/cat/mapping_location/install/mt_slam:/opt/ros/humble /usr/bin/cmake /home/cat/agv_ws/src/pid -DAMENT_CMAKE_SYMLINK_INSTALL=1 -DCMAKE_INSTALL_PREFIX=/home/cat/agv_ws/install/pid
[4.976s] Invoking command in '/home/cat/agv_ws/build/pid': CMAKE_PREFIX_PATH=${CMAKE_PREFIX_PATH}:/home/cat/agv_ws/install/path_track:/home/cat/agv_ws/install/path_plan:/home/cat/agv_ws/install/fusion:/home/cat/mapping_location/install/mt_slam:/opt/ros/humble /usr/bin/cmake --build /home/cat/agv_ws/build/pid -- -j8 -l8
[5.101s] [35m[1mConsolidate compiler generated dependencies of target pid[0m
[5.127s] [ 50%] [32m[1mLinking CXX executable pid[0m
[6.222s] [100%] Built target pid
[6.305s] Invoked command in '/home/cat/agv_ws/build/pid' returned '0': CMAKE_PREFIX_PATH=${CMAKE_PREFIX_PATH}:/home/cat/agv_ws/install/path_track:/home/cat/agv_ws/install/path_plan:/home/cat/agv_ws/install/fusion:/home/cat/mapping_location/install/mt_slam:/opt/ros/humble /usr/bin/cmake --build /home/cat/agv_ws/build/pid -- -j8 -l8
[6.375s] Invoking command in '/home/cat/agv_ws/build/pid': CMAKE_PREFIX_PATH=${CMAKE_PREFIX_PATH}:/home/cat/agv_ws/install/path_track:/home/cat/agv_ws/install/path_plan:/home/cat/agv_ws/install/fusion:/home/cat/mapping_location/install/mt_slam:/opt/ros/humble /usr/bin/cmake --install /home/cat/agv_ws/build/pid
[6.402s] -- Install configuration: ""
[6.403s] -- Execute custom install script
[6.403s] -- Symlinking: /home/cat/agv_ws/install/pid/lib/pid/pid
[6.439s] -- Symlinking: /home/cat/agv_ws/install/pid/share/ament_index/resource_index/package_run_dependencies/pid
[6.470s] -- Symlinking: /home/cat/agv_ws/install/pid/share/ament_index/resource_index/parent_prefix_path/pid
[6.499s] -- Symlinking: /home/cat/agv_ws/install/pid/share/pid/environment/ament_prefix_path.sh
[6.513s] -- Symlinking: /home/cat/agv_ws/install/pid/share/pid/environment/ament_prefix_path.dsv
[6.528s] -- Symlinking: /home/cat/agv_ws/install/pid/share/pid/environment/path.sh
[6.543s] -- Symlinking: /home/cat/agv_ws/install/pid/share/pid/environment/path.dsv
[6.570s] -- Symlinking: /home/cat/agv_ws/install/pid/share/pid/local_setup.bash
[6.603s] -- Symlinking: /home/cat/agv_ws/install/pid/share/pid/local_setup.sh
[6.619s] -- Symlinking: /home/cat/agv_ws/install/pid/share/pid/local_setup.zsh
[6.635s] -- Symlinking: /home/cat/agv_ws/install/pid/share/pid/local_setup.dsv
[6.665s] -- Symlinking: /home/cat/agv_ws/install/pid/share/pid/package.dsv
[6.696s] -- Symlinking: /home/cat/agv_ws/install/pid/share/ament_index/resource_index/packages/pid
[6.727s] -- Symlinking: /home/cat/agv_ws/install/pid/share/pid/cmake/pidConfig.cmake
[6.755s] -- Symlinking: /home/cat/agv_ws/install/pid/share/pid/cmake/pidConfig-version.cmake
[6.768s] -- Symlinking: /home/cat/agv_ws/install/pid/share/pid/package.xml
[6.803s] Invoked command in '/home/cat/agv_ws/build/pid' returned '0': CMAKE_PREFIX_PATH=${CMAKE_PREFIX_PATH}:/home/cat/agv_ws/install/path_track:/home/cat/agv_ws/install/path_plan:/home/cat/agv_ws/install/fusion:/home/cat/mapping_location/install/mt_slam:/opt/ros/humble /usr/bin/cmake --install /home/cat/agv_ws/build/pid
