-- The C compiler identification is GNU 11.4.0
-- The CXX compiler identification is GNU 11.4.0
-- Detecting C compiler ABI info
-- Detecting C compiler ABI info - done
-- Check for working C compiler: /usr/bin/cc - skipped
-- Detecting C compile features
-- Detecting C compile features - done
-- Detecting CXX compiler ABI info
-- Detecting CXX compiler ABI info - done
-- Check for working CXX compiler: /usr/bin/c++ - skipped
-- Detecting CXX compile features
-- Detecting CXX compile features - done
-- Found ament_cmake: 1.3.5 (/opt/ros/humble/share/ament_cmake/cmake)
-- Found Python3: /usr/bin/python3.10 (found version "3.10.12") found components: Interpreter 
-- Found msg_interfaces: 0.0.0 (/opt/ros/humble/share/msg_interfaces/cmake)
-- Found rosidl_generator_c: 3.1.5 (/opt/ros/humble/share/rosidl_generator_c/cmake)
-- Found rosidl_adapter: 3.1.5 (/opt/ros/humble/share/rosidl_adapter/cmake)
-- Found rosidl_generator_cpp: 3.1.5 (/opt/ros/humble/share/rosidl_generator_cpp/cmake)
-- Using all available rosidl_typesupport_c: rosidl_typesupport_fastrtps_c;rosidl_typesupport_introspection_c
-- Using all available rosidl_typesupport_cpp: rosidl_typesupport_fastrtps_cpp;rosidl_typesupport_introspection_cpp
-- Found rclcpp: 16.0.6 (/opt/ros/humble/share/rclcpp/cmake)
-- Found rmw_implementation_cmake: 6.1.1 (/opt/ros/humble/share/rmw_implementation_cmake/cmake)
-- Found rmw_fastrtps_cpp: 6.2.4 (/opt/ros/humble/share/rmw_fastrtps_cpp/cmake)
-- Found OpenSSL: /usr/lib/aarch64-linux-gnu/libcrypto.so (found version "3.0.2")  
-- Found FastRTPS: /opt/ros/humble/include  
-- Using RMW implementation 'rmw_fastrtps_cpp' as default
-- Looking for pthread.h
-- Looking for pthread.h - found
-- Performing Test CMAKE_HAVE_LIBC_PTHREAD
-- Performing Test CMAKE_HAVE_LIBC_PTHREAD - Success
-- Found Threads: TRUE  
-- Found ament_lint_auto: 0.12.8 (/opt/ros/humble/share/ament_lint_auto/cmake)
-- Added test 'copyright' to check source files copyright and LICENSE
-- Added test 'cppcheck' to perform static code analysis on C / C++ code
-- Configured cppcheck include dirs: 
-- Configured cppcheck exclude dirs and/or files: 
-- Added test 'cpplint' to check C / C++ code against the Google style
-- Configured cpplint exclude dirs and/or files: 
-- Added test 'lint_cmake' to check CMake code style
-- Added test 'uncrustify' to check C / C++ code style
-- Configured uncrustify additional arguments: 
-- Added test 'xmllint' to check XML markup files
-- Configuring done
-- Generating done
-- Build files have been written to: /home/cat/agv_ws/build/pid
[ 50%] [32mBuilding CXX object CMakeFiles/pid.dir/src/pid.cpp.o[0m
[01m[K/home/cat/agv_ws/src/pid/src/pid.cpp:[m[K In member function ‘[01m[Kvoid Motion_control::Ackerman_chassis(double, double, double)[m[K’:
[01m[K/home/cat/agv_ws/src/pid/src/pid.cpp:145:12:[m[K [01;35m[Kwarning: [m[Kunused variable ‘[01m[Kradius[m[K’ [[01;35m[K]8;;https://gcc.gnu.org/onlinedocs/gcc/Warning-Options.html#index-Wunused-variable-Wunused-variable]8;;[m[K]
  145 |     double [01;35m[Kradius[m[K = wheelBase / std::tan(angularVelocity);
      |            [01;35m[K^~~~~~[m[K
[100%] [32m[1mLinking CXX executable pid[0m
[100%] Built target pid
-- Install configuration: ""
-- Installing: /home/cat/agv_ws/install/pid/lib/pid/pid
-- Set runtime path of "/home/cat/agv_ws/install/pid/lib/pid/pid" to ""
-- Installing: /home/cat/agv_ws/install/pid/share/ament_index/resource_index/package_run_dependencies/pid
-- Installing: /home/cat/agv_ws/install/pid/share/ament_index/resource_index/parent_prefix_path/pid
-- Installing: /home/cat/agv_ws/install/pid/share/pid/environment/ament_prefix_path.sh
-- Installing: /home/cat/agv_ws/install/pid/share/pid/environment/ament_prefix_path.dsv
-- Installing: /home/cat/agv_ws/install/pid/share/pid/environment/path.sh
-- Installing: /home/cat/agv_ws/install/pid/share/pid/environment/path.dsv
-- Installing: /home/cat/agv_ws/install/pid/share/pid/local_setup.bash
-- Installing: /home/cat/agv_ws/install/pid/share/pid/local_setup.sh
-- Installing: /home/cat/agv_ws/install/pid/share/pid/local_setup.zsh
-- Installing: /home/cat/agv_ws/install/pid/share/pid/local_setup.dsv
-- Installing: /home/cat/agv_ws/install/pid/share/pid/package.dsv
-- Installing: /home/cat/agv_ws/install/pid/share/ament_index/resource_index/packages/pid
-- Installing: /home/cat/agv_ws/install/pid/share/pid/cmake/pidConfig.cmake
-- Installing: /home/cat/agv_ws/install/pid/share/pid/cmake/pidConfig-version.cmake
-- Installing: /home/cat/agv_ws/install/pid/share/pid/package.xml
