[2.363s] Invoking command in '/home/cat/agv_ws/build/pid': CMAKE_PREFIX_PATH=${CMAKE_PREFIX_PATH}:/home/cat/agv_ws/install/path_track:/home/cat/agv_ws/install/path_plan:/home/cat/agv_ws/install/fusion:/home/cat/mapping_location/install/mt_slam:/opt/ros/humble /usr/bin/cmake /home/cat/agv_ws/src/pid -DCMAKE_INSTALL_PREFIX=/home/cat/agv_ws/install/pid
[2.531s] -- The C compiler identification is GNU 11.4.0
[2.785s] -- The CXX compiler identification is GNU 11.4.0
[2.822s] -- Detecting C compiler ABI info
[3.050s] -- Detecting C compiler ABI info - done
[3.090s] -- Check for working C compiler: /usr/bin/cc - skipped
[3.091s] -- Detecting C compile features
[3.092s] -- Detecting C compile features - done
[3.105s] -- Detecting CXX compiler ABI info
[3.312s] -- Detecting CXX compiler ABI info - done
[3.324s] -- Check for working CXX compiler: /usr/bin/c++ - skipped
[3.324s] -- Detecting CXX compile features
[3.325s] -- Detecting CXX compile features - done
[3.329s] -- Found ament_cmake: 1.3.5 (/opt/ros/humble/share/ament_cmake/cmake)
[3.947s] -- Found Python3: /usr/bin/python3.10 (found version "3.10.12") found components: Interpreter 
[4.403s] -- Found msg_interfaces: 0.0.0 (/opt/ros/humble/share/msg_interfaces/cmake)
[4.435s] -- Found rosidl_generator_c: 3.1.5 (/opt/ros/humble/share/rosidl_generator_c/cmake)
[4.448s] -- Found rosidl_adapter: 3.1.5 (/opt/ros/humble/share/rosidl_adapter/cmake)
[4.461s] -- Found rosidl_generator_cpp: 3.1.5 (/opt/ros/humble/share/rosidl_generator_cpp/cmake)
[4.484s] -- Using all available rosidl_typesupport_c: rosidl_typesupport_fastrtps_c;rosidl_typesupport_introspection_c
[4.518s] -- Using all available rosidl_typesupport_cpp: rosidl_typesupport_fastrtps_cpp;rosidl_typesupport_introspection_cpp
[5.065s] -- Found rclcpp: 16.0.6 (/opt/ros/humble/share/rclcpp/cmake)
[5.168s] -- Found rmw_implementation_cmake: 6.1.1 (/opt/ros/humble/share/rmw_implementation_cmake/cmake)
[5.174s] -- Found rmw_fastrtps_cpp: 6.2.4 (/opt/ros/humble/share/rmw_fastrtps_cpp/cmake)
[5.419s] -- Found OpenSSL: /usr/lib/aarch64-linux-gnu/libcrypto.so (found version "3.0.2")  
[5.475s] -- Found FastRTPS: /opt/ros/humble/include  
[5.561s] -- Using RMW implementation 'rmw_fastrtps_cpp' as default
[5.578s] -- Looking for pthread.h
[5.800s] -- Looking for pthread.h - found
[5.801s] -- Performing Test CMAKE_HAVE_LIBC_PTHREAD
[6.048s] -- Performing Test CMAKE_HAVE_LIBC_PTHREAD - Success
[6.052s] -- Found Threads: TRUE  
[6.305s] -- Found ament_lint_auto: 0.12.8 (/opt/ros/humble/share/ament_lint_auto/cmake)
[6.481s] -- Added test 'copyright' to check source files copyright and LICENSE
[6.482s] -- Added test 'cppcheck' to perform static code analysis on C / C++ code
[6.483s] -- Configured cppcheck include dirs: 
[6.483s] -- Configured cppcheck exclude dirs and/or files: 
[6.484s] -- Added test 'cpplint' to check C / C++ code against the Google style
[6.485s] -- Configured cpplint exclude dirs and/or files: 
[6.485s] -- Added test 'lint_cmake' to check CMake code style
[6.487s] -- Added test 'uncrustify' to check C / C++ code style
[6.488s] -- Configured uncrustify additional arguments: 
[6.488s] -- Added test 'xmllint' to check XML markup files
[6.490s] -- Configuring done
[6.506s] -- Generating done
[6.509s] -- Build files have been written to: /home/cat/agv_ws/build/pid
[6.539s] Invoked command in '/home/cat/agv_ws/build/pid' returned '0': CMAKE_PREFIX_PATH=${CMAKE_PREFIX_PATH}:/home/cat/agv_ws/install/path_track:/home/cat/agv_ws/install/path_plan:/home/cat/agv_ws/install/fusion:/home/cat/mapping_location/install/mt_slam:/opt/ros/humble /usr/bin/cmake /home/cat/agv_ws/src/pid -DCMAKE_INSTALL_PREFIX=/home/cat/agv_ws/install/pid
[6.544s] Invoking command in '/home/cat/agv_ws/build/pid': CMAKE_PREFIX_PATH=${CMAKE_PREFIX_PATH}:/home/cat/agv_ws/install/path_track:/home/cat/agv_ws/install/path_plan:/home/cat/agv_ws/install/fusion:/home/cat/mapping_location/install/mt_slam:/opt/ros/humble /usr/bin/cmake --build /home/cat/agv_ws/build/pid -- -j8 -l8
[6.633s] [ 50%] [32mBuilding CXX object CMakeFiles/pid.dir/src/pid.cpp.o[0m
[10.909s] [01m[K/home/cat/agv_ws/src/pid/src/pid.cpp:[m[K In member function ‘[01m[Kvoid Motion_control::Ackerman_chassis(double, double, double)[m[K’:
[10.909s] [01m[K/home/cat/agv_ws/src/pid/src/pid.cpp:145:12:[m[K [01;35m[Kwarning: [m[Kunused variable ‘[01m[Kradius[m[K’ [[01;35m[K]8;;https://gcc.gnu.org/onlinedocs/gcc/Warning-Options.html#index-Wunused-variable-Wunused-variable]8;;[m[K]
[10.910s]   145 |     double [01;35m[Kradius[m[K = wheelBase / std::tan(angularVelocity);
[10.910s]       |            [01;35m[K^~~~~~[m[K
[22.767s] [100%] [32m[1mLinking CXX executable pid[0m
[23.894s] [100%] Built target pid
[23.935s] Invoked command in '/home/cat/agv_ws/build/pid' returned '0': CMAKE_PREFIX_PATH=${CMAKE_PREFIX_PATH}:/home/cat/agv_ws/install/path_track:/home/cat/agv_ws/install/path_plan:/home/cat/agv_ws/install/fusion:/home/cat/mapping_location/install/mt_slam:/opt/ros/humble /usr/bin/cmake --build /home/cat/agv_ws/build/pid -- -j8 -l8
[24.061s] Invoking command in '/home/cat/agv_ws/build/pid': CMAKE_PREFIX_PATH=${CMAKE_PREFIX_PATH}:/home/cat/agv_ws/install/path_track:/home/cat/agv_ws/install/path_plan:/home/cat/agv_ws/install/fusion:/home/cat/mapping_location/install/mt_slam:/opt/ros/humble /usr/bin/cmake --install /home/cat/agv_ws/build/pid
[24.094s] -- Install configuration: ""
[24.095s] -- Installing: /home/cat/agv_ws/install/pid/lib/pid/pid
[24.120s] -- Set runtime path of "/home/cat/agv_ws/install/pid/lib/pid/pid" to ""
[24.120s] -- Installing: /home/cat/agv_ws/install/pid/share/ament_index/resource_index/package_run_dependencies/pid
[24.121s] -- Installing: /home/cat/agv_ws/install/pid/share/ament_index/resource_index/parent_prefix_path/pid
[24.122s] -- Installing: /home/cat/agv_ws/install/pid/share/pid/environment/ament_prefix_path.sh
[24.123s] -- Installing: /home/cat/agv_ws/install/pid/share/pid/environment/ament_prefix_path.dsv
[24.124s] -- Installing: /home/cat/agv_ws/install/pid/share/pid/environment/path.sh
[24.125s] -- Installing: /home/cat/agv_ws/install/pid/share/pid/environment/path.dsv
[24.126s] -- Installing: /home/cat/agv_ws/install/pid/share/pid/local_setup.bash
[24.127s] -- Installing: /home/cat/agv_ws/install/pid/share/pid/local_setup.sh
[24.127s] -- Installing: /home/cat/agv_ws/install/pid/share/pid/local_setup.zsh
[24.128s] -- Installing: /home/cat/agv_ws/install/pid/share/pid/local_setup.dsv
[24.129s] -- Installing: /home/cat/agv_ws/install/pid/share/pid/package.dsv
[24.130s] -- Installing: /home/cat/agv_ws/install/pid/share/ament_index/resource_index/packages/pid
[24.131s] -- Installing: /home/cat/agv_ws/install/pid/share/pid/cmake/pidConfig.cmake
[24.132s] -- Installing: /home/cat/agv_ws/install/pid/share/pid/cmake/pidConfig-version.cmake
[24.133s] -- Installing: /home/cat/agv_ws/install/pid/share/pid/package.xml
[24.142s] Invoked command in '/home/cat/agv_ws/build/pid' returned '0': CMAKE_PREFIX_PATH=${CMAKE_PREFIX_PATH}:/home/cat/agv_ws/install/path_track:/home/cat/agv_ws/install/path_plan:/home/cat/agv_ws/install/fusion:/home/cat/mapping_location/install/mt_slam:/opt/ros/humble /usr/bin/cmake --install /home/cat/agv_ws/build/pid
