running egg_info
creating ../../build/path_plan/path_plan.egg-info
writing ../../build/path_plan/path_plan.egg-info/PKG-INFO
writing dependency_links to ../../build/path_plan/path_plan.egg-info/dependency_links.txt
writing entry points to ../../build/path_plan/path_plan.egg-info/entry_points.txt
writing requirements to ../../build/path_plan/path_plan.egg-info/requires.txt
writing top-level names to ../../build/path_plan/path_plan.egg-info/top_level.txt
writing manifest file '../../build/path_plan/path_plan.egg-info/SOURCES.txt'
reading manifest file '../../build/path_plan/path_plan.egg-info/SOURCES.txt'
writing manifest file '../../build/path_plan/path_plan.egg-info/SOURCES.txt'
running build
running build_py
creating /home/cat/agv_ws/build/path_plan/build
creating /home/cat/agv_ws/build/path_plan/build/lib
creating /home/cat/agv_ws/build/path_plan/build/lib/path_plan
copying path_plan/__init__.py -> /home/cat/agv_ws/build/path_plan/build/lib/path_plan
copying path_plan/hybridAStar.py -> /home/cat/agv_ws/build/path_plan/build/lib/path_plan
copying path_plan/planner.py -> /home/cat/agv_ws/build/path_plan/build/lib/path_plan
copying path_plan/obstacleMap.py -> /home/cat/agv_ws/build/path_plan/build/lib/path_plan
creating /home/cat/agv_ws/build/path_plan/build/lib/path_plan/CurvesGenerator
copying path_plan/CurvesGenerator/draw.py -> /home/cat/agv_ws/build/path_plan/build/lib/path_plan/CurvesGenerator
copying path_plan/CurvesGenerator/dubins_path.py -> /home/cat/agv_ws/build/path_plan/build/lib/path_plan/CurvesGenerator
copying path_plan/CurvesGenerator/reeds_shepp.py -> /home/cat/agv_ws/build/path_plan/build/lib/path_plan/CurvesGenerator
copying path_plan/CurvesGenerator/__init__.py -> /home/cat/agv_ws/build/path_plan/build/lib/path_plan/CurvesGenerator
copying path_plan/CurvesGenerator/quartic_polynomial.py -> /home/cat/agv_ws/build/path_plan/build/lib/path_plan/CurvesGenerator
copying path_plan/CurvesGenerator/cubic_spline.py -> /home/cat/agv_ws/build/path_plan/build/lib/path_plan/CurvesGenerator
copying path_plan/CurvesGenerator/quintic_polynomial.py -> /home/cat/agv_ws/build/path_plan/build/lib/path_plan/CurvesGenerator
copying path_plan/CurvesGenerator/bezier_path.py -> /home/cat/agv_ws/build/path_plan/build/lib/path_plan/CurvesGenerator
copying path_plan/CurvesGenerator/bspline_curve.py -> /home/cat/agv_ws/build/path_plan/build/lib/path_plan/CurvesGenerator
creating /home/cat/agv_ws/build/path_plan/build/lib/path_plan/map
copying path_plan/map/__init__.py -> /home/cat/agv_ws/build/path_plan/build/lib/path_plan/map
running install
running install_lib
creating /home/cat/agv_ws/install/path_plan/lib/python3.10/site-packages/path_plan
creating /home/cat/agv_ws/install/path_plan/lib/python3.10/site-packages/path_plan/CurvesGenerator
copying /home/cat/agv_ws/build/path_plan/build/lib/path_plan/CurvesGenerator/draw.py -> /home/cat/agv_ws/install/path_plan/lib/python3.10/site-packages/path_plan/CurvesGenerator
copying /home/cat/agv_ws/build/path_plan/build/lib/path_plan/CurvesGenerator/dubins_path.py -> /home/cat/agv_ws/install/path_plan/lib/python3.10/site-packages/path_plan/CurvesGenerator
copying /home/cat/agv_ws/build/path_plan/build/lib/path_plan/CurvesGenerator/reeds_shepp.py -> /home/cat/agv_ws/install/path_plan/lib/python3.10/site-packages/path_plan/CurvesGenerator
copying /home/cat/agv_ws/build/path_plan/build/lib/path_plan/CurvesGenerator/__init__.py -> /home/cat/agv_ws/install/path_plan/lib/python3.10/site-packages/path_plan/CurvesGenerator
copying /home/cat/agv_ws/build/path_plan/build/lib/path_plan/CurvesGenerator/quartic_polynomial.py -> /home/cat/agv_ws/install/path_plan/lib/python3.10/site-packages/path_plan/CurvesGenerator
copying /home/cat/agv_ws/build/path_plan/build/lib/path_plan/CurvesGenerator/cubic_spline.py -> /home/cat/agv_ws/install/path_plan/lib/python3.10/site-packages/path_plan/CurvesGenerator
copying /home/cat/agv_ws/build/path_plan/build/lib/path_plan/CurvesGenerator/quintic_polynomial.py -> /home/cat/agv_ws/install/path_plan/lib/python3.10/site-packages/path_plan/CurvesGenerator
copying /home/cat/agv_ws/build/path_plan/build/lib/path_plan/CurvesGenerator/bezier_path.py -> /home/cat/agv_ws/install/path_plan/lib/python3.10/site-packages/path_plan/CurvesGenerator
copying /home/cat/agv_ws/build/path_plan/build/lib/path_plan/CurvesGenerator/bspline_curve.py -> /home/cat/agv_ws/install/path_plan/lib/python3.10/site-packages/path_plan/CurvesGenerator
copying /home/cat/agv_ws/build/path_plan/build/lib/path_plan/__init__.py -> /home/cat/agv_ws/install/path_plan/lib/python3.10/site-packages/path_plan
copying /home/cat/agv_ws/build/path_plan/build/lib/path_plan/hybridAStar.py -> /home/cat/agv_ws/install/path_plan/lib/python3.10/site-packages/path_plan
creating /home/cat/agv_ws/install/path_plan/lib/python3.10/site-packages/path_plan/map
copying /home/cat/agv_ws/build/path_plan/build/lib/path_plan/map/__init__.py -> /home/cat/agv_ws/install/path_plan/lib/python3.10/site-packages/path_plan/map
copying /home/cat/agv_ws/build/path_plan/build/lib/path_plan/planner.py -> /home/cat/agv_ws/install/path_plan/lib/python3.10/site-packages/path_plan
copying /home/cat/agv_ws/build/path_plan/build/lib/path_plan/obstacleMap.py -> /home/cat/agv_ws/install/path_plan/lib/python3.10/site-packages/path_plan
byte-compiling /home/cat/agv_ws/install/path_plan/lib/python3.10/site-packages/path_plan/CurvesGenerator/draw.py to draw.cpython-310.pyc
byte-compiling /home/cat/agv_ws/install/path_plan/lib/python3.10/site-packages/path_plan/CurvesGenerator/dubins_path.py to dubins_path.cpython-310.pyc
byte-compiling /home/cat/agv_ws/install/path_plan/lib/python3.10/site-packages/path_plan/CurvesGenerator/reeds_shepp.py to reeds_shepp.cpython-310.pyc
byte-compiling /home/cat/agv_ws/install/path_plan/lib/python3.10/site-packages/path_plan/CurvesGenerator/__init__.py to __init__.cpython-310.pyc
byte-compiling /home/cat/agv_ws/install/path_plan/lib/python3.10/site-packages/path_plan/CurvesGenerator/quartic_polynomial.py to quartic_polynomial.cpython-310.pyc
byte-compiling /home/cat/agv_ws/install/path_plan/lib/python3.10/site-packages/path_plan/CurvesGenerator/cubic_spline.py to cubic_spline.cpython-310.pyc
byte-compiling /home/cat/agv_ws/install/path_plan/lib/python3.10/site-packages/path_plan/CurvesGenerator/quintic_polynomial.py to quintic_polynomial.cpython-310.pyc
byte-compiling /home/cat/agv_ws/install/path_plan/lib/python3.10/site-packages/path_plan/CurvesGenerator/bezier_path.py to bezier_path.cpython-310.pyc
byte-compiling /home/cat/agv_ws/install/path_plan/lib/python3.10/site-packages/path_plan/CurvesGenerator/bspline_curve.py to bspline_curve.cpython-310.pyc
byte-compiling /home/cat/agv_ws/install/path_plan/lib/python3.10/site-packages/path_plan/__init__.py to __init__.cpython-310.pyc
byte-compiling /home/cat/agv_ws/install/path_plan/lib/python3.10/site-packages/path_plan/hybridAStar.py to hybridAStar.cpython-310.pyc
byte-compiling /home/cat/agv_ws/install/path_plan/lib/python3.10/site-packages/path_plan/map/__init__.py to __init__.cpython-310.pyc
byte-compiling /home/cat/agv_ws/install/path_plan/lib/python3.10/site-packages/path_plan/planner.py to planner.cpython-310.pyc
byte-compiling /home/cat/agv_ws/install/path_plan/lib/python3.10/site-packages/path_plan/obstacleMap.py to obstacleMap.cpython-310.pyc
running install_data
creating /home/cat/agv_ws/install/path_plan/share/ament_index
creating /home/cat/agv_ws/install/path_plan/share/ament_index/resource_index
creating /home/cat/agv_ws/install/path_plan/share/ament_index/resource_index/packages
copying resource/path_plan -> /home/cat/agv_ws/install/path_plan/share/ament_index/resource_index/packages
copying package.xml -> /home/cat/agv_ws/install/path_plan/share/path_plan
running install_egg_info
Copying ../../build/path_plan/path_plan.egg-info to /home/cat/agv_ws/install/path_plan/lib/python3.10/site-packages/path_plan-0.0.0-py3.10.egg-info
running install_scripts
Installing path_planner script to /home/cat/agv_ws/install/path_plan/lib/path_plan
writing list of installed files to '/home/cat/agv_ws/build/path_plan/install.log'
