running egg_info
creating ../../build/path_track/path_track.egg-info
writing ../../build/path_track/path_track.egg-info/PKG-INFO
writing dependency_links to ../../build/path_track/path_track.egg-info/dependency_links.txt
writing entry points to ../../build/path_track/path_track.egg-info/entry_points.txt
writing requirements to ../../build/path_track/path_track.egg-info/requires.txt
writing top-level names to ../../build/path_track/path_track.egg-info/top_level.txt
writing manifest file '../../build/path_track/path_track.egg-info/SOURCES.txt'
reading manifest file '../../build/path_track/path_track.egg-info/SOURCES.txt'
writing manifest file '../../build/path_track/path_track.egg-info/SOURCES.txt'
running build
running build_py
creating /home/cat/agv_ws/build/path_track/build
creating /home/cat/agv_ws/build/path_track/build/lib
creating /home/cat/agv_ws/build/path_track/build/lib/path_track
copying path_track/__init__.py -> /home/cat/agv_ws/build/path_track/build/lib/path_track
copying path_track/mpc_old.py -> /home/cat/agv_ws/build/path_track/build/lib/path_track
copying path_track/mpc.py -> /home/cat/agv_ws/build/path_track/build/lib/path_track
copying path_track/stanley.py -> /home/cat/agv_ws/build/path_track/build/lib/path_track
creating /home/cat/agv_ws/build/path_track/build/lib/path_track/MPC
copying path_track/MPC/__init__.py -> /home/cat/agv_ws/build/path_track/build/lib/path_track/MPC
copying path_track/MPC/control.py -> /home/cat/agv_ws/build/path_track/build/lib/path_track/MPC
creating /home/cat/agv_ws/build/path_track/build/lib/path_track/Stanley
copying path_track/Stanley/__init__.py -> /home/cat/agv_ws/build/path_track/build/lib/path_track/Stanley
copying path_track/Stanley/normalise_angle.py -> /home/cat/agv_ws/build/path_track/build/lib/path_track/Stanley
copying path_track/Stanley/yaw_to_quaternion.py -> /home/cat/agv_ws/build/path_track/build/lib/path_track/Stanley
running install
running install_lib
creating /home/cat/agv_ws/install/path_track/lib/python3.10/site-packages/path_track
copying /home/cat/agv_ws/build/path_track/build/lib/path_track/__init__.py -> /home/cat/agv_ws/install/path_track/lib/python3.10/site-packages/path_track
copying /home/cat/agv_ws/build/path_track/build/lib/path_track/mpc_old.py -> /home/cat/agv_ws/install/path_track/lib/python3.10/site-packages/path_track
copying /home/cat/agv_ws/build/path_track/build/lib/path_track/mpc.py -> /home/cat/agv_ws/install/path_track/lib/python3.10/site-packages/path_track
creating /home/cat/agv_ws/install/path_track/lib/python3.10/site-packages/path_track/Stanley
copying /home/cat/agv_ws/build/path_track/build/lib/path_track/Stanley/__init__.py -> /home/cat/agv_ws/install/path_track/lib/python3.10/site-packages/path_track/Stanley
copying /home/cat/agv_ws/build/path_track/build/lib/path_track/Stanley/normalise_angle.py -> /home/cat/agv_ws/install/path_track/lib/python3.10/site-packages/path_track/Stanley
copying /home/cat/agv_ws/build/path_track/build/lib/path_track/Stanley/yaw_to_quaternion.py -> /home/cat/agv_ws/install/path_track/lib/python3.10/site-packages/path_track/Stanley
creating /home/cat/agv_ws/install/path_track/lib/python3.10/site-packages/path_track/MPC
copying /home/cat/agv_ws/build/path_track/build/lib/path_track/MPC/__init__.py -> /home/cat/agv_ws/install/path_track/lib/python3.10/site-packages/path_track/MPC
copying /home/cat/agv_ws/build/path_track/build/lib/path_track/MPC/control.py -> /home/cat/agv_ws/install/path_track/lib/python3.10/site-packages/path_track/MPC
copying /home/cat/agv_ws/build/path_track/build/lib/path_track/stanley.py -> /home/cat/agv_ws/install/path_track/lib/python3.10/site-packages/path_track
byte-compiling /home/cat/agv_ws/install/path_track/lib/python3.10/site-packages/path_track/__init__.py to __init__.cpython-310.pyc
byte-compiling /home/cat/agv_ws/install/path_track/lib/python3.10/site-packages/path_track/mpc_old.py to mpc_old.cpython-310.pyc
byte-compiling /home/cat/agv_ws/install/path_track/lib/python3.10/site-packages/path_track/mpc.py to mpc.cpython-310.pyc
byte-compiling /home/cat/agv_ws/install/path_track/lib/python3.10/site-packages/path_track/Stanley/__init__.py to __init__.cpython-310.pyc
byte-compiling /home/cat/agv_ws/install/path_track/lib/python3.10/site-packages/path_track/Stanley/normalise_angle.py to normalise_angle.cpython-310.pyc
byte-compiling /home/cat/agv_ws/install/path_track/lib/python3.10/site-packages/path_track/Stanley/yaw_to_quaternion.py to yaw_to_quaternion.cpython-310.pyc
byte-compiling /home/cat/agv_ws/install/path_track/lib/python3.10/site-packages/path_track/MPC/__init__.py to __init__.cpython-310.pyc
byte-compiling /home/cat/agv_ws/install/path_track/lib/python3.10/site-packages/path_track/MPC/control.py to control.cpython-310.pyc
byte-compiling /home/cat/agv_ws/install/path_track/lib/python3.10/site-packages/path_track/stanley.py to stanley.cpython-310.pyc
running install_data
creating /home/cat/agv_ws/install/path_track/share/ament_index
creating /home/cat/agv_ws/install/path_track/share/ament_index/resource_index
creating /home/cat/agv_ws/install/path_track/share/ament_index/resource_index/packages
copying resource/path_track -> /home/cat/agv_ws/install/path_track/share/ament_index/resource_index/packages
copying package.xml -> /home/cat/agv_ws/install/path_track/share/path_track
creating /home/cat/agv_ws/install/path_track/share/path_track/launch
copying launch/mpc_track.launch.py -> /home/cat/agv_ws/install/path_track/share/path_track/launch
copying launch/stanley_track.launch.py -> /home/cat/agv_ws/install/path_track/share/path_track/launch
running install_egg_info
Copying ../../build/path_track/path_track.egg-info to /home/cat/agv_ws/install/path_track/lib/python3.10/site-packages/path_track-0.0.0-py3.10.egg-info
running install_scripts
Installing mpc_tracker script to /home/cat/agv_ws/install/path_track/lib/path_track
Installing stanley_tracker script to /home/cat/agv_ws/install/path_track/lib/path_track
writing list of installed files to '/home/cat/agv_ws/build/path_track/install.log'
