[3.852s] Invoking command in '/home/cat/agv_ws/src/path_track': PYTHONPATH=/home/cat/agv_ws/build/path_track/prefix_override:/home/cat/agv_ws/install/path_track/lib/python3.10/site-packages:${PYTHONPATH} /usr/bin/python3 setup.py egg_info --egg-base ../../build/path_track build --build-base /home/cat/agv_ws/build/path_track/build install --record /home/cat/agv_ws/build/path_track/install.log --single-version-externally-managed
[4.292s] running egg_info
[4.298s] creating ../../build/path_track/path_track.egg-info
[4.298s] writing ../../build/path_track/path_track.egg-info/PKG-INFO
[4.299s] writing dependency_links to ../../build/path_track/path_track.egg-info/dependency_links.txt
[4.299s] writing entry points to ../../build/path_track/path_track.egg-info/entry_points.txt
[4.300s] writing requirements to ../../build/path_track/path_track.egg-info/requires.txt
[4.300s] writing top-level names to ../../build/path_track/path_track.egg-info/top_level.txt
[4.301s] writing manifest file '../../build/path_track/path_track.egg-info/SOURCES.txt'
[4.303s] reading manifest file '../../build/path_track/path_track.egg-info/SOURCES.txt'
[4.304s] writing manifest file '../../build/path_track/path_track.egg-info/SOURCES.txt'
[4.307s] running build
[4.308s] running build_py
[4.308s] creating /home/cat/agv_ws/build/path_track/build
[4.309s] creating /home/cat/agv_ws/build/path_track/build/lib
[4.309s] creating /home/cat/agv_ws/build/path_track/build/lib/path_track
[4.309s] copying path_track/__init__.py -> /home/cat/agv_ws/build/path_track/build/lib/path_track
[4.310s] copying path_track/mpc_old.py -> /home/cat/agv_ws/build/path_track/build/lib/path_track
[4.311s] copying path_track/mpc.py -> /home/cat/agv_ws/build/path_track/build/lib/path_track
[4.311s] copying path_track/stanley.py -> /home/cat/agv_ws/build/path_track/build/lib/path_track
[4.313s] creating /home/cat/agv_ws/build/path_track/build/lib/path_track/MPC
[4.314s] copying path_track/MPC/__init__.py -> /home/cat/agv_ws/build/path_track/build/lib/path_track/MPC
[4.315s] copying path_track/MPC/control.py -> /home/cat/agv_ws/build/path_track/build/lib/path_track/MPC
[4.317s] creating /home/cat/agv_ws/build/path_track/build/lib/path_track/Stanley
[4.318s] copying path_track/Stanley/__init__.py -> /home/cat/agv_ws/build/path_track/build/lib/path_track/Stanley
[4.319s] copying path_track/Stanley/normalise_angle.py -> /home/cat/agv_ws/build/path_track/build/lib/path_track/Stanley
[4.322s] copying path_track/Stanley/yaw_to_quaternion.py -> /home/cat/agv_ws/build/path_track/build/lib/path_track/Stanley
[4.325s] running install
[4.325s] running install_lib
[4.326s] creating /home/cat/agv_ws/install/path_track/lib/python3.10/site-packages/path_track
[4.327s] copying /home/cat/agv_ws/build/path_track/build/lib/path_track/__init__.py -> /home/cat/agv_ws/install/path_track/lib/python3.10/site-packages/path_track
[4.327s] copying /home/cat/agv_ws/build/path_track/build/lib/path_track/mpc_old.py -> /home/cat/agv_ws/install/path_track/lib/python3.10/site-packages/path_track
[4.328s] copying /home/cat/agv_ws/build/path_track/build/lib/path_track/mpc.py -> /home/cat/agv_ws/install/path_track/lib/python3.10/site-packages/path_track
[4.328s] creating /home/cat/agv_ws/install/path_track/lib/python3.10/site-packages/path_track/Stanley
[4.329s] copying /home/cat/agv_ws/build/path_track/build/lib/path_track/Stanley/__init__.py -> /home/cat/agv_ws/install/path_track/lib/python3.10/site-packages/path_track/Stanley
[4.329s] copying /home/cat/agv_ws/build/path_track/build/lib/path_track/Stanley/normalise_angle.py -> /home/cat/agv_ws/install/path_track/lib/python3.10/site-packages/path_track/Stanley
[4.330s] copying /home/cat/agv_ws/build/path_track/build/lib/path_track/Stanley/yaw_to_quaternion.py -> /home/cat/agv_ws/install/path_track/lib/python3.10/site-packages/path_track/Stanley
[4.330s] creating /home/cat/agv_ws/install/path_track/lib/python3.10/site-packages/path_track/MPC
[4.331s] copying /home/cat/agv_ws/build/path_track/build/lib/path_track/MPC/__init__.py -> /home/cat/agv_ws/install/path_track/lib/python3.10/site-packages/path_track/MPC
[4.331s] copying /home/cat/agv_ws/build/path_track/build/lib/path_track/MPC/control.py -> /home/cat/agv_ws/install/path_track/lib/python3.10/site-packages/path_track/MPC
[4.332s] copying /home/cat/agv_ws/build/path_track/build/lib/path_track/stanley.py -> /home/cat/agv_ws/install/path_track/lib/python3.10/site-packages/path_track
[4.332s] byte-compiling /home/cat/agv_ws/install/path_track/lib/python3.10/site-packages/path_track/__init__.py to __init__.cpython-310.pyc
[4.333s] byte-compiling /home/cat/agv_ws/install/path_track/lib/python3.10/site-packages/path_track/mpc_old.py to mpc_old.cpython-310.pyc
[4.335s] byte-compiling /home/cat/agv_ws/install/path_track/lib/python3.10/site-packages/path_track/mpc.py to mpc.cpython-310.pyc
[4.340s] byte-compiling /home/cat/agv_ws/install/path_track/lib/python3.10/site-packages/path_track/Stanley/__init__.py to __init__.cpython-310.pyc
[4.341s] byte-compiling /home/cat/agv_ws/install/path_track/lib/python3.10/site-packages/path_track/Stanley/normalise_angle.py to normalise_angle.cpython-310.pyc
[4.342s] byte-compiling /home/cat/agv_ws/install/path_track/lib/python3.10/site-packages/path_track/Stanley/yaw_to_quaternion.py to yaw_to_quaternion.cpython-310.pyc
[4.343s] byte-compiling /home/cat/agv_ws/install/path_track/lib/python3.10/site-packages/path_track/MPC/__init__.py to __init__.cpython-310.pyc
[4.344s] byte-compiling /home/cat/agv_ws/install/path_track/lib/python3.10/site-packages/path_track/MPC/control.py to control.cpython-310.pyc
[4.349s] byte-compiling /home/cat/agv_ws/install/path_track/lib/python3.10/site-packages/path_track/stanley.py to stanley.cpython-310.pyc
[4.351s] running install_data
[4.353s] creating /home/cat/agv_ws/install/path_track/share/ament_index
[4.354s] creating /home/cat/agv_ws/install/path_track/share/ament_index/resource_index
[4.354s] creating /home/cat/agv_ws/install/path_track/share/ament_index/resource_index/packages
[4.355s] copying resource/path_track -> /home/cat/agv_ws/install/path_track/share/ament_index/resource_index/packages
[4.355s] copying package.xml -> /home/cat/agv_ws/install/path_track/share/path_track
[4.356s] creating /home/cat/agv_ws/install/path_track/share/path_track/launch
[4.357s] copying launch/mpc_track.launch.py -> /home/cat/agv_ws/install/path_track/share/path_track/launch
[4.357s] copying launch/stanley_track.launch.py -> /home/cat/agv_ws/install/path_track/share/path_track/launch
[4.358s] running install_egg_info
[4.363s] Copying ../../build/path_track/path_track.egg-info to /home/cat/agv_ws/install/path_track/lib/python3.10/site-packages/path_track-0.0.0-py3.10.egg-info
[4.364s] running install_scripts
[4.400s] Installing mpc_tracker script to /home/cat/agv_ws/install/path_track/lib/path_track
[4.401s] Installing stanley_tracker script to /home/cat/agv_ws/install/path_track/lib/path_track
[4.401s] writing list of installed files to '/home/cat/agv_ws/build/path_track/install.log'
[4.547s] Invoked command in '/home/cat/agv_ws/src/path_track' returned '0': PYTHONPATH=/home/cat/agv_ws/build/path_track/prefix_override:/home/cat/agv_ws/install/path_track/lib/python3.10/site-packages:${PYTHONPATH} /usr/bin/python3 setup.py egg_info --egg-base ../../build/path_track build --build-base /home/cat/agv_ws/build/path_track/build install --record /home/cat/agv_ws/build/path_track/install.log --single-version-externally-managed
